"../../../Engine/Content/Functions/Engine_MaterialFunctions01/Opacity/CameraDepthFade.uasset" 0
"../../../Engine/Content/EngineMaterials/T_Default_Material_Grid_M.uasset" 1
"../../../Engine/Content/EngineMaterials/T_Default_Material_Grid_N.uasset" 2
"../../../Engine/Content/EngineMaterials/DefaultMaterial.uasset" 3
"../../../Engine/Content/BasicShapes/Cone.uasset" 4
"../../../Engine/Content/EngineMaterials/WorldGridMaterial.uasset" 5
"../../../Engine/Content/BasicShapes/Cube.uasset" 6
"../../../Engine/Content/BasicShapes/Cylinder.uasset" 7
"../../../Engine/Content/BasicShapes/Plane.uasset" 8
"../../../Engine/Content/BasicShapes/Sphere.uasset" 9
"../../../Engine/Content/EditorLandscapeResources/DataLayer.uasset" 10
"../../../Engine/Content/EditorMaterials/GizmoMaterial.uasset" 11
"../../../Engine/Content/EditorMaterials/MAT_Groups_Toggle.uasset" 12
"../../../Engine/Content/EditorMaterials/MAT_Groups_Visibility.uasset" 13
"../../../Engine/Content/EditorMaterials/PreviewShadowIndicator.uasset" 14
"../../../Engine/Content/EditorMaterials/PreviewShadowIndicatorMaterial.uasset" 15
"../../../Engine/Content/EditorMaterials/AssetViewer/EpicQuadPanorama_CC+EV1.uasset" 16
"../../../Engine/Content/EditorMaterials/MatineeGroups/MAT_ColorTrack.uasset" 17
"../../../Engine/Content/EditorMaterials/MatineeGroups/MAT_Groups_Anim.uasset" 18
"../../../Engine/Content/EditorMaterials/MatineeGroups/MAT_Groups_AudioMaster.uasset" 19
"../../../Engine/Content/EditorMaterials/MatineeGroups/MAT_Groups_Director.uasset" 20
"../../../Engine/Content/EditorMaterials/MatineeGroups/MAT_Groups_Event.uasset" 21
"../../../Engine/Content/EditorMaterials/MatineeGroups/MAT_Groups_Fade.uasset" 22
"../../../Engine/Content/EditorMaterials/MatineeGroups/MAT_Groups_Float.uasset" 23
"../../../Engine/Content/EditorMaterials/MatineeGroups/MAT_Groups_Move.uasset" 24
"../../../Engine/Content/EditorMaterials/MatineeGroups/MAT_Groups_Slomo.uasset" 25
"../../../Engine/Content/EditorMaterials/MatineeGroups/MAT_Groups_Sound.uasset" 26
"../../../Engine/Content/EditorMaterials/MatineeGroups/MAT_Groups_Vector.uasset" 27
"../../../Engine/Content/EditorMaterials/ParticleSystems/PSysThumbnail_NoImage.uasset" 28
"../../../Engine/Content/EditorMaterials/ParticleSystems/PSysThumbnail_OOD.uasset" 29
"../../../Engine/Content/EditorMaterials/Camera/CineMat.uasset" 30
"../../../Engine/Content/EditorMaterials/Camera/MI_CineMat_Rig.uasset" 31
"../../../Engine/Content/EditorMeshes/Camera/SM_CraneRig_Arm.uasset" 32
"../../../Engine/Content/EditorMeshes/Camera/SM_CraneRig_Base.uasset" 33
"../../../Engine/Content/EditorMeshes/Camera/SM_CraneRig_Body.uasset" 34
"../../../Engine/Content/EditorMeshes/Camera/SM_CraneRig_Mount.uasset" 35
"../../../Engine/Content/EditorMeshes/Camera/SM_RailRig_Mount.uasset" 36
"../../../Engine/Content/EditorMeshes/Camera/SM_RailRig_Track.uasset" 37
"../../../Engine/Content/EditorResources/BSPVertex.uasset" 38
"../../../Engine/Content/EditorResources/EmptyActor.uasset" 39
"../../../Engine/Content/EditorResources/RGBTable16x1_AssetViewer.uasset" 40
"../../../Engine/Content/EditorResources/S_Actor.uasset" 41
"../../../Engine/Content/EditorResources/S_Trigger.uasset" 42
"../../../Engine/Content/EditorResources/AudioIcons/S_AudioComponent.uasset" 43
"../../../Engine/Content/EditorResources/AudioIcons/S_AudioComponent_AutoActivate.uasset" 44
"../../../Engine/Content/EditorResources/LightIcons/S_LightError.uasset" 45
"../../../Engine/Content/EditorResources/SequenceRecorder/Countdown.uasset" 46
"../../../Engine/Content/EditorResources/SequenceRecorder/RecordingIndicator.uasset" 47
"../../../Engine/Content/EditorSounds/Notifications/CompileFailed.uasset" 48
"../../../Engine/Content/EditorSounds/Notifications/CompileFailed_Cue.uasset" 49
"../../../Engine/Content/EditorSounds/Notifications/CompileSuccess.uasset" 50
"../../../Engine/Content/EditorSounds/Notifications/CompileStart_Cue.uasset" 51
"../../../Engine/Content/EditorSounds/Notifications/CompileSuccess_Cue.uasset" 52
"../../../Engine/Content/EngineDamageTypes/DmgTypeBP_Environmental.uasset" 53
"../../../Engine/Content/EngineDebugMaterials/HeatmapGradient.uasset" 54
"../../../Engine/Content/EngineDebugMaterials/BoneWeightMaterial.uasset" 55
"../../../Engine/Content/EngineDebugMaterials/DebugMeshMaterial.uasset" 56
"../../../Engine/Content/EngineDebugMaterials/GeomMaterial.uasset" 57
"../../../Engine/Content/EngineFonts/Faces/RobotoBold.uasset" 58
"../../../Engine/Content/EngineFonts/Faces/RobotoBoldItalic.uasset" 59
"../../../Engine/Content/EngineFonts/Faces/RobotoItalic.uasset" 60
"../../../Engine/Content/EngineFonts/Faces/RobotoLight.uasset" 61
"../../../Engine/Content/EngineFonts/Faces/RobotoRegular.uasset" 62
"../../../Engine/Content/EngineFonts/Roboto.uasset" 63
"../../../Engine/Content/EngineFonts/Faces/RobotoTiny.uasset" 64
"../../../Engine/Content/EngineFonts/RobotoTiny.uasset" 65
"../../../Engine/Content/EngineMaterials/DefaultBokeh.uasset" 66
"../../../Engine/Content/EngineMaterials/DefaultDiffuse.uasset" 67
"../../../Engine/Content/EngineMaterials/DefaultDeferredDecalMaterial.uasset" 68
"../../../Engine/Content/EngineMaterials/DefaultLightFunctionMaterial.uasset" 69
"../../../Engine/Content/EngineMaterials/DefaultPhysicalMaterial.uasset" 70
"../../../Engine/Content/Functions/Engine_MaterialFunctions02/Utility/BreakOutFloat2Components.uasset" 71
"../../../Engine/Content/EngineMaterials/DefaultPostProcessMaterial.uasset" 72
"../../../Engine/Content/EngineFonts/RobotoDistanceField.uasset" 73
"../../../Engine/Content/EngineMaterials/DefaultTextMaterialOpaque.uasset" 74
"../../../Engine/Content/EngineMaterials/DefaultWhiteGrid.uasset" 75
"../../../Engine/Content/EngineMaterials/EditorBrushMaterial.uasset" 76
"../../../Engine/Content/EngineMaterials/Good64x64TilingNoiseHighFreq.uasset" 77
"../../../Engine/Content/EngineMaterials/MiniFont.uasset" 78
"../../../Engine/Content/EngineMaterials/InvalidLightmapSettings.uasset" 79
"../../../Engine/Content/EngineMaterials/M_InvalidLightmapSettings.uasset" 80
"../../../Engine/Content/EngineMaterials/PhAT_JointLimitMaterial.uasset" 81
"../../../Engine/Content/EngineMaterials/PreintegratedSkinBRDF.uasset" 82
"../../../Engine/Content/EngineMaterials/RemoveSurfaceMaterial.uasset" 83
"../../../Engine/Content/EngineMaterials/WeightMapPlaceholderTexture.uasset" 84
"../../../Engine/Content/EngineResources/WhiteSquareTexture.uasset" 85
"../../../Engine/Content/EngineMaterials/Widget3DPassThrough.uasset" 86
"../../../Engine/Content/EngineMaterials/Widget3DPassThrough_Masked.uasset" 87
"../../../Engine/Content/EngineMaterials/Widget3DPassThrough_Opaque.uasset" 88
"../../../Engine/Content/EngineMaterials/Widget3DPassThrough_Masked_OneSided.uasset" 89
"../../../Engine/Content/EngineMaterials/Widget3DPassThrough_Opaque_OneSided.uasset" 90
"../../../Engine/Content/EngineMaterials/Widget3DPassThrough_Translucent.uasset" 91
"../../../Engine/Content/EngineMaterials/Widget3DPassThrough_Translucent_OneSided.uasset" 92
"../../../Engine/Content/EngineMeshes/Cube.uasset" 93
"../../../Engine/Content/EngineMeshes/Cylinder.uasset" 94
"../../../Engine/Content/EngineMeshes/Sphere.uasset" 95
"../../../Engine/Content/EngineResources/Black.uasset" 96
"../../../Engine/Content/EngineResources/DefaultTexture.uasset" 97
"../../../Engine/Content/EngineResources/DefaultTextureCube.uasset" 98
"../../../Engine/Content/EngineResources/GradientTexture0.uasset" 99
"../../../Engine/Content/EngineSounds/Master.uasset" 100
"../../../Engine/Content/Functions/Engine_MaterialFunctions01/Shading/ConvertFromDiffSpec.uasset" 101
"../../../Engine/Content/Functions/Engine_MaterialFunctions01/Shading/PowerToRoughness.uasset" 102
"../../../Engine/Content/Maps/Templates/Thumbnails/Default.uasset" 103
"../../../Engine/Content/Maps/Templates/Thumbnails/VR-Basic.uasset" 104
"../../../Engine/Content/MobileResources/T_MobileControls_texture.uasset" 105
"../../../Engine/Content/MobileResources/T_MobileMenu2.uasset" 106
"../../../Engine/Content/MobileResources/HUD/AnalogHat.uasset" 107
"../../../Engine/Content/MobileResources/HUD/VirtualJoystick_Background.uasset" 108
"../../../Engine/Content/MobileResources/HUD/VirtualJoystick_Thumb.uasset" 109
"../../../Engine/Content/MobileResources/HUD/DefaultVirtualJoysticks.uasset" 110
"../../../Engine/Content/MobileResources/HUD/LeftVirtualJoystickOnly.uasset" 111
"../../../Engine/Content/MobileResources/HUD/MobileHUDButton1_off.uasset" 112
"../../../Engine/Content/MobileResources/HUD/MobileHUDButton1_on.uasset" 113
"../../../Engine/Content/MobileResources/HUD/MobileHUDButton2_off.uasset" 114
"../../../Engine/Content/MobileResources/HUD/MobileHUDButton2_on.uasset" 115
"../../../Engine/Content/MobileResources/HUD/MobileHUDButton3.uasset" 116
"../../../Engine/Content/MobileResources/HUD/MobileHUDButtonFire.uasset" 117
"../../../Engine/Content/MobileResources/HUD/MobileHUDDirectionPad.uasset" 118
"../../../Engine/Content/MobileResources/HUD/MobileHUDDirectionPad2.uasset" 119
"../../../Engine/Content/MobileResources/HUD/MobileHUDDirectionPad3.uasset" 120
"../../../Engine/Content/MobileResources/HUD/MobileHUDDirectionStick.uasset" 121
"../../../Engine/Content/MobileResources/HUD/T_Castle_ThumbstickInner.uasset" 122
"../../../Engine/Content/MobileResources/HUD/T_Castle_ThumbstickOutter.uasset" 123
"../../../Engine/Content/Tutorial/ContentIntroCurve.uasset" 124
"../../../Engine/Content/Tutorial/Basics/TutorialAssets/icon_tab_Levels_40x.uasset" 125
"../../../Engine/Content/Tutorial/BlueprintTutorials/TutorialAssets/BlueprintInterface_64x.uasset" 126
"../../../Engine/Content/Tutorial/BlueprintTutorials/TutorialAssets/BlueprintMacroLibrary_64x.uasset" 127
"../../../Engine/Content/Tutorial/BlueprintTutorials/TutorialAssets/Blueprint_64x.uasset" 128
"../../../Engine/Content/Tutorial/BlueprintTutorials/TutorialAssets/Tutorial_BP_Interface.uasset" 129
"../../../Engine/Content/Tutorial/Foliage/TutorialAssets/Foliage.uasset" 130
"../../../Engine/Content/Tutorial/Landscape/TutorialAssets/Landscape.uasset" 131
"../../../Engine/Content/Tutorial/Paper2D/TutorialAssets/Paper2DFlipbook_TutorialIcon.uasset" 132
"../../../Engine/Content/Tutorial/Paper2D/TutorialAssets/Paper2DSprite_TutorialIcon.uasset" 133
"../../../Engine/Content/Tutorial/SubEditors/TutorialAssets/icon_Editor_Preferences_General_40x.uasset" 134
"../../../Engine/Content/Tutorial/SubEditors/TutorialAssets/icon_ShowSkeletalMeshes_40x.uasset" 135
"../../../Engine/Content/Tutorial/SubEditors/TutorialAssets/TutorialMaterial.uasset" 136
"../../../Engine/Content/Tutorial/SubEditors/TutorialAssets/T_SmokeSubUV_8X8.uasset" 137
"../../../Engine/Content/Tutorial/SubEditors/TutorialAssets/T_soft_smoke.uasset" 138
"../../../Engine/Content/Tutorial/SubEditors/TutorialAssets/M_smoke_subUV_blackbody.uasset" 139
"../../../Engine/Content/Tutorial/SubEditors/TutorialAssets/TutorialParticleSystem.uasset" 140
"../../../Engine/Content/EditorMeshes/EditorCube.uasset" 141
"../../../Engine/Content/Tutorial/SubEditors/TutorialAssets/Tutorial_DM.uasset" 142
"../../../Engine/Content/VREditor/Devices/Generic/GenericHMDMaterial.uasset" 143
"../../../Engine/Content/VREditor/Devices/Generic/GenericHMD.uasset" 144
"../../../Engine/Content/VREditor/FloatingText/LineMaterial.uasset" 145
"../../../Engine/Content/VREditor/FloatingText/JointSphere.uasset" 146
"../../../Engine/Content/VREditor/FloatingText/LineSegmentCylinder.uasset" 147
"../../../Engine/Content/VREditor/Fonts/VRText_RobotoLarge.uasset" 148
"../../../Engine/Content/VREditor/Fonts/VRTextMaterial.uasset" 149
"../../../Engine/Content/VREditor/Fonts/TranslucentVRTextMaterial.uasset" 150
"../../../Engine/Content/VREditor/LaserPointer/VR_LaserPower_01.uasset" 151
"../../../Engine/Content/VREditor/LaserPointer/LaserPointerMaterial.uasset" 152
"../../../Engine/Content/VREditor/LaserPointer/LaserPointerMaterialInst.uasset" 153
"../../../Engine/Content/VREditor/LaserPointer/TranslucentLaserPointerMaterialInst.uasset" 154
"../../../Engine/Content/VREditor/LaserPointer/LaserPointerMesh.uasset" 155
"../../../Engine/Content/VREditor/Sounds/VR_grab_Cue.uasset" 156
"../../../Engine/Content/VREditor/Sounds/VR_teleport_Cue.uasset" 157
"../../../Engine/Content/VREditor/TransformGizmo/TransformGizmoMaterial.uasset" 158
"../../../Engine/Content/VREditor/TransformGizmo/TranslucentTransformGizmoMaterial.uasset" 159
"../../../Engine/Content/VREditor/TransformGizmo/BoundingBoxCorner.uasset" 160
"../../../Engine/Content/VREditor/TransformGizmo/BoundingBoxEdge.uasset" 161
"../../../Engine/Content/VREditor/TransformGizmo/PlaneTranslationHandle.uasset" 162
"../../../Engine/Content/VREditor/TransformGizmo/RotationHandle.uasset" 163
"../../../Engine/Content/VREditor/TransformGizmo/RotationHandleFull.uasset" 164
"../../../Engine/Content/VREditor/TransformGizmo/StretchingHandle.uasset" 165
"../../../Engine/Content/VREditor/TransformGizmo/TranslateHandleLong.uasset" 166
"../../../Engine/Content/VREditor/TransformGizmo/TranslationHandle.uasset" 167
"../../../Engine/Content/VREditor/TransformGizmo/UniformScaleHandle.uasset" 168
"../../../Engine/Content/VREditor/UI/CloseButtonMesh.uasset" 169
"../../../Engine/Content/VREditor/UI/SelectionBarMesh.uasset" 170
"../../../Engine/Content/Functions/Engine_MaterialFunctions01/Gradient/RadialGradient.uasset" 171
"../../../Engine/Content/VREditor/WorldMovementGrid/SimpleGrid.uasset" 172
"../../../Engine/Content/VREditor/WorldMovementGrid/GridMaterial.uasset" 173
"../../../Engine/Content/Functions/Engine_MaterialFunctions01/Density/ExponentialDensity.uasset" 174
"../../../Engine/Content/VREditor/WorldMovementGrid/GridPostProcess.uasset" 175
"../../../Engine/Content/EditorLandscapeResources/FlattenHeightMat.uasset" 176
"../../../Engine/Content/VREditor/WorldMovementGrid/PlaneMesh.uasset" 177
"../../../WarFantasy/Content/FirstPerson/Character/Mesh/SK_Mannequin_Arms_Skeleton.uasset" 178
"../../../WarFantasy/Content/FirstPerson/Animations/FirstPerson_Fire.uasset" 179
"../../../WarFantasy/Content/FirstPerson/Animations/FirstPersonFire_Montage.uasset" 180
"../../../WarFantasy/Content/FirstPerson/Character/Textures/UE4_LOGO_CARD.uasset" 181
"../../../WarFantasy/Content/FirstPerson/FPWeapon/Materials/MaterialLayers/ML_Plastic_Shiny_Beige_LOGO.uasset" 182
"../../../WarFantasy/Content/FirstPerson/FPWeapon/Materials/MaterialLayers/T_ML_FineRubber.uasset" 183
"../../../WarFantasy/Content/FirstPerson/FPWeapon/Mesh/SK_FPGun_PhysicsAsset.uasset" 184
"../../../WarFantasy/Content/FirstPerson/Textures/FirstPersonCrosshair.uasset" 185
"../../../WarFantasy/Content/FirstPersonBPIronbelly/Geometry/Meshes/CubeMaterial.uasset" 186
"../../../WarFantasy/Content/FirstPersonBPIronbelly/Geometry/Meshes/1M_Cube_Chamfer.uasset" 187
"../../../WarFantasy/Content/FirstPersonBPIronbelly/Geometry/Meshes/BaseMaterial.uasset" 188
"../../../WarFantasy/Content/FirstPersonBPIronbelly/Geometry/Meshes/CubeMaterialOverride.uasset" 189
"../../../WarFantasy/Content/FirstPerson/Meshes/BaseMaterial.uasset" 190
"../../../WarFantasy/Content/FirstPerson/Meshes/FirstPersonProjectileMaterial.uasset" 191
"../../../WarFantasy/Content/FirstPerson/Meshes/FirstPersonProjectileMesh.uasset" 192
"../../../WarFantasy/Content/FirstPersonCPP/Blueprints/FirstPersonProjectile.uasset" 193
"../../../WarFantasy/Content/Geometry/Meshes/CubeMaterial.uasset" 194
"../../../WarFantasy/Content/Geometry/Meshes/1M_Cube_Chamfer.uasset" 195
"../../../WarFantasy/Content/Geometry/Meshes/TemplateFloor.uasset" 196
"../../../WarFantasy/Content/IBFPSAmmo/Ammo/Textures/WP3D_ACC_ammo_127x108_AO.uasset" 197
"../../../WarFantasy/Content/IBFPSAmmo/Ammo/Textures/WP3D_ACC_ammo_127x108_COL.uasset" 198
"../../../WarFantasy/Content/IBFPSAmmo/Ammo/Textures/WP3D_ACC_ammo_127x108_MET.uasset" 199
"../../../WarFantasy/Content/IBFPSAmmo/Ammo/Textures/WP3D_ACC_ammo_127x108_RGS.uasset" 200
"../../../WarFantasy/Content/IBFPSAmmo/Ammo/Textures/WP3D_ACC_ammo_338lap_NRM.uasset" 201
"../../../WarFantasy/Content/IBFPSAmmo/Ammo/Materials/BulletsMasterMaterial.uasset" 202
"../../../WarFantasy/Content/IBFPSAmmo/Ammo/Textures/WP3D_ACC_ammo_9x19_AO.uasset" 203
"../../../WarFantasy/Content/IBFPSAmmo/Ammo/Textures/WP3D_ACC_ammo_9x19_COL.uasset" 204
"../../../WarFantasy/Content/IBFPSAmmo/Ammo/Textures/WP3D_ACC_ammo_9x19_MET.uasset" 205
"../../../WarFantasy/Content/IBFPSAmmo/Ammo/Textures/WP3D_ACC_ammo_9x19_NRM.uasset" 206
"../../../WarFantasy/Content/IBFPSAmmo/Ammo/Textures/WP3D_ACC_ammo_9x19_RGS.uasset" 207
"../../../WarFantasy/Content/IBFPSAmmo/Ammo/Materials/Mat_ACC_ammo_9x19.uasset" 208
"../../../WarFantasy/Content/IBFPSAmmo/Ammo/ACC_ammo_9x19.uasset" 209
"../../../WarFantasy/Content/IBFPSAmmo/Ammo/Textures/WP3D_ACC_ammo_57x28_AO.uasset" 210
"../../../WarFantasy/Content/IBFPSAmmo/Ammo/Textures/WP3D_ACC_ammo_57x28_COL.uasset" 211
"../../../WarFantasy/Content/IBFPSAmmo/Ammo/Textures/WP3D_ACC_ammo_57x28_MET.uasset" 212
"../../../WarFantasy/Content/IBFPSAmmo/Ammo/Textures/WP3D_ACC_ammo_57x28_NRM.uasset" 213
"../../../WarFantasy/Content/IBFPSAmmo/Ammo/Textures/WP3D_ACC_ammo_57x28_RGS.uasset" 214
"../../../WarFantasy/Content/IBFPSAmmo/Ammo/Materials/Mat_ammo_57x28.uasset" 215
"../../../WarFantasy/Content/IBFPSAmmo/Ammo/ammo_57x28.uasset" 216
"../../../WarFantasy/Content/IBFPSAmmo/Ammo/Textures/WP3D_ACC_ammo_57x29_fired_AO.uasset" 217
"../../../WarFantasy/Content/IBFPSAmmo/Ammo/Textures/WP3D_ACC_ammo_57x29_fired_COL.uasset" 218
"../../../WarFantasy/Content/IBFPSAmmo/Ammo/Textures/WP3D_ACC_ammo_57x29_fired_MET.uasset" 219
"../../../WarFantasy/Content/IBFPSAmmo/Ammo/Textures/WP3D_ACC_ammo_57x29_fired_NRM.uasset" 220
"../../../WarFantasy/Content/IBFPSAmmo/Ammo/Textures/WP3D_ACC_ammo_57x29_fired_RGS.uasset" 221
"../../../WarFantasy/Content/IBFPSAmmo/Ammo/Materials/Mat_ammo_57x29_fired.uasset" 222
"../../../WarFantasy/Content/IBWP3DM4A1/Weapons/M4A1/SK_M4A1.uasset" 223
"../../../WarFantasy/Content/IBWP3DM4A1/Weapons/M4A1/Animations/ANIM_M4A1-Idle.uasset" 224
"../../../WarFantasy/Content/StarterContent/Materials/M_Basic_Wall.uasset" 225
"../../../WarFantasy/Content/StarterContent/Shapes/Shape_Plane.uasset" 226
"../../../WarFantasy/Content/PortalTech/BP_Portal.uasset" 227
"../../../Engine/Content/Functions/Engine_MaterialFunctions01/Texturing/ScaleUVsByCenter.uasset" 228
"../../../Engine/Content/Functions/Engine_MaterialFunctions02/ScreenResolution.uasset" 229
"../../../Engine/Content/Functions/Engine_MaterialFunctions02/Texturing/ScreenAlignedUVs.uasset" 230
"../../../WarFantasy/Content/PortalTech/Portal1_RT.uasset" 231
"../../../WarFantasy/Content/PortalTech/Portal1_RT_Mat.uasset" 232
"../../../WarFantasy/Content/PortalTech/Portal2_RT.uasset" 233
"../../../WarFantasy/Content/PortalTech/Portal2_RT_Mat.uasset" 234
"../../../WarFantasy/Content/PortalTech/PortalWall_Mesh.uasset" 235
"../../../WarFantasy/Content/StarterContent/Architecture/Pillar_50x500.uasset" 236
"../../../WarFantasy/Content/StarterContent/Architecture/Wall_400x300.uasset" 237
"../../../WarFantasy/Content/StarterContent/Architecture/Wall_400x400.uasset" 238
"../../../WarFantasy/Content/StarterContent/Architecture/Wall_500x500.uasset" 239
"../../../WarFantasy/Content/StarterContent/Architecture/Wall_Door_400x400.uasset" 240
"../../../WarFantasy/Content/StarterContent/Architecture/Wall_Window_400x400.uasset" 241
"../../../WarFantasy/Content/StarterContent/Audio/Light01_Cue.uasset" 242
"../../../WarFantasy/Content/StarterContent/Audio/Light02_Cue.uasset" 243
"../../../WarFantasy/Content/StarterContent/Audio/Explosion_Cue.uasset" 244
"../../../WarFantasy/Content/StarterContent/Textures/T_Burst_M.uasset" 245
"../../../WarFantasy/Content/StarterContent/Particles/Materials/M_Burst.uasset" 246
"../../../WarFantasy/Content/StarterContent/Textures/T_Explosion_SubUV.uasset" 247
"../../../WarFantasy/Content/StarterContent/Particles/Materials/M_explosion_subUV.uasset" 248
"../../../WarFantasy/Content/StarterContent/Particles/Materials/m_flare_01.uasset" 249
"../../../WarFantasy/Content/StarterContent/Particles/Materials/M_radial_ramp.uasset" 250
"../../../WarFantasy/Content/StarterContent/Textures/T_Smoke_SubUV.uasset" 251
"../../../WarFantasy/Content/StarterContent/Textures/T_Smoke_Tiled_D.uasset" 252
"../../../WarFantasy/Content/StarterContent/Particles/Materials/M_smoke_subUV.uasset" 253
"../../../WarFantasy/Content/StarterContent/Particles/P_Explosion.uasset" 254
"../../../WarFantasy/Content/StarterContent/Blueprints/Blueprint_Effect_Explosion.uasset" 255
"../../../Engine/Content/EditorMeshes/ColorCalibrator/T_ColorGrid.uasset" 256
"../../../WarFantasy/Content/StarterContent/Materials/M_ColorGrid_LowSpec.uasset" 257
"../../../WarFantasy/Content/StarterContent/Textures/T_Bush_D.uasset" 258
"../../../WarFantasy/Content/StarterContent/Textures/T_Bush_N.uasset" 259
"../../../WarFantasy/Content/StarterContent/Props/Materials/M_Bush.uasset" 260
"../../../WarFantasy/Content/StarterContent/Props/SM_Bush.uasset" 261
"../../../WarFantasy/Content/StarterContent/Textures/T_Chair_M.uasset" 262
"../../../WarFantasy/Content/StarterContent/Textures/T_Chair_N.uasset" 263
"../../../WarFantasy/Content/StarterContent/Props/Materials/M_Chair.uasset" 264
"../../../WarFantasy/Content/StarterContent/Props/SM_Couch.uasset" 265
"../../../WarFantasy/Content/StarterContent/Materials/M_Glass.uasset" 266
"../../../WarFantasy/Content/StarterContent/Textures/T_Door_M.uasset" 267
"../../../WarFantasy/Content/StarterContent/Textures/T_Door_N.uasset" 268
"../../../WarFantasy/Content/StarterContent/Props/Materials/M_Door.uasset" 269
"../../../WarFantasy/Content/StarterContent/Props/SM_Door.uasset" 270
"../../../WarFantasy/Content/StarterContent/Props/Materials/M_MaterialSphere.uasset" 271
"../../../WarFantasy/Content/StarterContent/Props/Materials/M_MaterialSphere_Plain.uasset" 272
"../../../WarFantasy/Content/StarterContent/Props/SM_MatPreviewMesh_02.uasset" 273
"../../../Engine/Content/Functions/Engine_MaterialFunctions02/Utility/BlendAngleCorrectedNormals.uasset" 274
"../../../WarFantasy/Content/StarterContent/Textures/T_Detail_Rocky_N.uasset" 275
"../../../WarFantasy/Content/StarterContent/Textures/T_Rock_Basalt_D.uasset" 276
"../../../WarFantasy/Content/StarterContent/Textures/T_RockMesh_M.uasset" 277
"../../../WarFantasy/Content/StarterContent/Textures/T_RockMesh_N.uasset" 278
"../../../WarFantasy/Content/StarterContent/Props/Materials/M_Rock.uasset" 279
"../../../WarFantasy/Content/StarterContent/Props/SM_Rock.uasset" 280
"../../../WarFantasy/Content/StarterContent/Textures/T_Shelf_M.uasset" 281
"../../../WarFantasy/Content/StarterContent/Textures/T_Shelf_N.uasset" 282
"../../../WarFantasy/Content/StarterContent/Props/Materials/M_Shelf.uasset" 283
"../../../WarFantasy/Content/StarterContent/Props/SM_Shelf.uasset" 284
"../../../WarFantasy/Content/StarterContent/Materials/M_Basic_Floor.uasset" 285
"../../../WarFantasy/Content/StarterContent/Props/SM_Stairs.uasset" 286
"../../../WarFantasy/Content/StarterContent/Shapes/Shape_Cone.uasset" 287
"../../../WarFantasy/Content/StarterContent/Shapes/Shape_NarrowCapsule.uasset" 288
"../../../WarFantasy/Content/StarterContent/Shapes/Shape_Pipe.uasset" 289
"../../../WarFantasy/Content/StarterContent/Shapes/Shape_Pipe_180.uasset" 290
"../../../WarFantasy/Content/StarterContent/Shapes/Shape_Pipe_90.uasset" 291
"../../../WarFantasy/Content/StarterContent/Shapes/Shape_Torus.uasset" 292
"../../../WarFantasy/Content/StarterContent/Shapes/Shape_Trim.uasset" 293
"../../../WarFantasy/Content/StarterContent/Shapes/Shape_Trim_90_In.uasset" 294
"../../../WarFantasy/Content/StarterContent/Shapes/Shape_Trim_90_Out.uasset" 295
"../../../WarFantasy/Content/StarterContent/Shapes/Shape_TriPyramid.uasset" 296
"../../../WarFantasy/Content/StarterContent/Shapes/Shape_Tube.uasset" 297
"../../../WarFantasy/Content/StarterContent/Shapes/Shape_Wedge_A.uasset" 298
"../../../WarFantasy/Content/StarterContent/Shapes/Shape_Wedge_B.uasset" 299
"../../../WarFantasy/Content/StarterContent/Shapes/Shape_WideCapsule.uasset" 300
"../../../Engine/Plugins/2D/Paper2D/Content/DummySprite.uasset" 301
"../../../Engine/Plugins/2D/Paper2D/Content/DefaultPaperTerrainMaterial.uasset" 302
"../../../Engine/Plugins/2D/Paper2D/Content/DefaultSpriteMaterial.uasset" 303
"../../../Engine/Plugins/2D/Paper2D/Content/MaskedUnlitSpriteMaterial.uasset" 304
"../../../Engine/Plugins/2D/Paper2D/Content/OpaqueUnlitSpriteMaterial.uasset" 305
"../../../Engine/Plugins/2D/Paper2D/Content/PlaceholderTextures/DummySpriteTexture.uasset" 306
"../../../Engine/Content/EditorBlueprintResources/StandardMacros.uasset" 307
"../../../Engine/Content/EngineSky/C_Sky_Cloud_Color.uasset" 308
"../../../Engine/Content/EngineSky/C_Sky_Horizon_Color.uasset" 309
"../../../Engine/Content/EngineSky/C_Sky_Zenith_Color.uasset" 310
"../../../Engine/Content/EngineSky/T_Sky_Blue.uasset" 311
"../../../Engine/Content/EngineSky/T_Sky_Clouds_M.uasset" 312
"../../../Engine/Content/EngineSky/T_Sky_Stars.uasset" 313
"../../../Engine/Content/EngineSky/M_Sky_Panning_Clouds2.uasset" 314
"../../../Engine/Content/EngineSky/SM_SkySphere.uasset" 315
"../../../Engine/Content/EngineSky/BP_Sky_Sphere.uasset" 316
"../../../Engine/Content/MapTemplates/SM_Template_Map_Floor.uasset" 317
"../../../WarFantasy/Content/IBFPSAmmo/Ammo/Textures/WP3D_ammo_127x108_NRM.uasset" 318
"../../../WarFantasy/Content/IBFPSAmmo/Ammo/Materials/Mat_ammo_127x108.uasset" 319
"../../../WarFantasy/Content/IBFPSAmmo/Ammo/ammo_127x108.uasset" 320
"../../../WarFantasy/Content/IBFPSAmmo/Ammo/Textures/WP3D_ACC_ammo_127x108_fired_AO.uasset" 321
"../../../WarFantasy/Content/IBFPSAmmo/Ammo/Textures/WP3D_ACC_ammo_127x108_fired_COL.uasset" 322
"../../../WarFantasy/Content/IBFPSAmmo/Ammo/Textures/WP3D_ACC_ammo_127x108_fired_MET.uasset" 323
"../../../WarFantasy/Content/IBFPSAmmo/Ammo/Textures/WP3D_ACC_ammo_127x108_fired_NRM.uasset" 324
"../../../WarFantasy/Content/IBFPSAmmo/Ammo/Textures/WP3D_ACC_ammo_127x108_fired_RGS.uasset" 325
"../../../WarFantasy/Content/IBFPSAmmo/Ammo/Materials/Mat_ammo_127x108_fired.uasset" 326
"../../../WarFantasy/Content/IBFPSAmmo/Ammo/ammo_127x108_bullet.uasset" 327
"../../../WarFantasy/Content/IBFPSAmmo/Ammo/ammo_127x108_case.uasset" 328
"../../../WarFantasy/Content/IBFPSAmmo/Ammo/Textures/WP3D_ACC_ammo_12ga_AO.uasset" 329
"../../../WarFantasy/Content/IBFPSAmmo/Ammo/Textures/WP3D_ACC_ammo_12ga_COL.uasset" 330
"../../../WarFantasy/Content/IBFPSAmmo/Ammo/Textures/WP3D_ACC_ammo_12ga_MET.uasset" 331
"../../../WarFantasy/Content/IBFPSAmmo/Ammo/Textures/WP3D_ACC_ammo_12ga_NRM.uasset" 332
"../../../WarFantasy/Content/IBFPSAmmo/Ammo/Textures/WP3D_ACC_ammo_12ga_RGS.uasset" 333
"../../../WarFantasy/Content/IBFPSAmmo/Ammo/Materials/Mat_ammo_12ga.uasset" 334
"../../../WarFantasy/Content/IBFPSAmmo/Ammo/ammo_12ga.uasset" 335
"../../../WarFantasy/Content/IBFPSAmmo/Ammo/Textures/WP3D_ACC_ammo_12ga_case_fired_AO.uasset" 336
"../../../WarFantasy/Content/IBFPSAmmo/Ammo/Textures/WP3D_ACC_ammo_12ga_case_fired_COL.uasset" 337
"../../../WarFantasy/Content/IBFPSAmmo/Ammo/Textures/WP3D_ACC_ammo_12ga_case_fired_MET.uasset" 338
"../../../WarFantasy/Content/IBFPSAmmo/Ammo/Textures/WP3D_ACC_ammo_12ga_case_fired_NRM.uasset" 339
"../../../WarFantasy/Content/IBFPSAmmo/Ammo/Textures/WP3D_ACC_ammo_12ga_case_fired_RGS.uasset" 340
"../../../WarFantasy/Content/IBFPSAmmo/Ammo/Materials/Mat_ammo_12ga_case_fired.uasset" 341
"../../../WarFantasy/Content/IBFPSAmmo/Ammo/ammo_12ga_case.uasset" 342
"../../../WarFantasy/Content/IBFPSAmmo/Ammo/Textures/WP3D_ACC_ammo_12ga_fired_AO.uasset" 343
"../../../WarFantasy/Content/IBFPSAmmo/Ammo/Textures/WP3D_ACC_ammo_12ga_fired_COL.uasset" 344
"../../../WarFantasy/Content/IBFPSAmmo/Ammo/Textures/WP3D_ACC_ammo_12ga_fired_MET.uasset" 345
"../../../WarFantasy/Content/IBFPSAmmo/Ammo/Textures/WP3D_ACC_ammo_12ga_fired_NRM.uasset" 346
"../../../WarFantasy/Content/IBFPSAmmo/Ammo/Textures/WP3D_ACC_ammo_12ga_fired_RGS.uasset" 347
"../../../WarFantasy/Content/IBFPSAmmo/Ammo/Materials/Mat_ammo_12ga_fired.uasset" 348
"../../../WarFantasy/Content/IBFPSAmmo/Ammo/ammo_12ga_fired.uasset" 349
"../../../WarFantasy/Content/IBFPSAmmo/Ammo/Textures/WP3D_ACC_ammo_17HMR_AO.uasset" 350
"../../../WarFantasy/Content/IBFPSAmmo/Ammo/Textures/WP3D_ACC_ammo_17HMR_COL.uasset" 351
"../../../WarFantasy/Content/IBFPSAmmo/Ammo/Textures/WP3D_ACC_ammo_17HMR_MET.uasset" 352
"../../../WarFantasy/Content/IBFPSAmmo/Ammo/Textures/WP3D_ACC_ammo_17HMR_NRM.uasset" 353
"../../../WarFantasy/Content/IBFPSAmmo/Ammo/Textures/WP3D_ACC_ammo_17HMR_RGS.uasset" 354
"../../../WarFantasy/Content/IBFPSAmmo/Ammo/Materials/Mat_ammo_17HMR.uasset" 355
"../../../WarFantasy/Content/IBFPSAmmo/Ammo/ammo_17HMR.uasset" 356
"../../../WarFantasy/Content/IBFPSAmmo/Ammo/Textures/WP3D_ACC_ammo_17HMR_fired_AO.uasset" 357
"../../../WarFantasy/Content/IBFPSAmmo/Ammo/Textures/WP3D_ACC_ammo_17HMR_fired_COL.uasset" 358
"../../../WarFantasy/Content/IBFPSAmmo/Ammo/Textures/WP3D_ACC_ammo_17HMR_fired_MET.uasset" 359
"../../../WarFantasy/Content/IBFPSAmmo/Ammo/Textures/WP3D_ACC_ammo_17HMR_fired_NRM.uasset" 360
"../../../WarFantasy/Content/IBFPSAmmo/Ammo/Textures/WP3D_ACC_ammo_17HMR_fired_RGS.uasset" 361
"../../../WarFantasy/Content/IBFPSAmmo/Ammo/Materials/Mat_ammo_17HMR_fired.uasset" 362
"../../../WarFantasy/Content/IBFPSAmmo/Ammo/ammo_17HMR_bullet.uasset" 363
"../../../WarFantasy/Content/IBFPSAmmo/Ammo/ammo_17HMR_case.uasset" 364
"../../../WarFantasy/Content/IBFPSAmmo/Ammo/Textures/WP3D_ACC_ammo_338lap_AO.uasset" 365
"../../../WarFantasy/Content/IBFPSAmmo/Ammo/Textures/WP3D_ACC_ammo_338lap_COL.uasset" 366
"../../../WarFantasy/Content/IBFPSAmmo/Ammo/Textures/WP3D_ACC_ammo_338lap_MET.uasset" 367
"../../../WarFantasy/Content/IBFPSAmmo/Ammo/Textures/WP3D_ACC_ammo_338lap_RGS.uasset" 368
"../../../WarFantasy/Content/IBFPSAmmo/Ammo/Materials/Mat_ammo_338lap.uasset" 369
"../../../WarFantasy/Content/IBFPSAmmo/Ammo/ammo_338lap.uasset" 370
"../../../WarFantasy/Content/IBFPSAmmo/Ammo/Textures/WP3D_ACC_ammo_338lap_fired_AO.uasset" 371
"../../../WarFantasy/Content/IBFPSAmmo/Ammo/Textures/WP3D_ACC_ammo_338lap_fired_COL.uasset" 372
"../../../WarFantasy/Content/IBFPSAmmo/Ammo/Textures/WP3D_ACC_ammo_338lap_fired_MET.uasset" 373
"../../../WarFantasy/Content/IBFPSAmmo/Ammo/Textures/WP3D_ACC_ammo_338lap_fired_NRM.uasset" 374
"../../../WarFantasy/Content/IBFPSAmmo/Ammo/Textures/WP3D_ACC_ammo_338lap_fired_RGS.uasset" 375
"../../../WarFantasy/Content/IBFPSAmmo/Ammo/Materials/Mat_ammo_338lap_fired.uasset" 376
"../../../WarFantasy/Content/IBFPSAmmo/Ammo/ammo_338lap_bullet.uasset" 377
"../../../WarFantasy/Content/IBFPSAmmo/Ammo/ammo_338lap_case.uasset" 378
"../../../WarFantasy/Content/IBFPSAmmo/Ammo/Textures/WP3D_ACC_ammo_357_AO.uasset" 379
"../../../WarFantasy/Content/IBFPSAmmo/Ammo/Textures/WP3D_ACC_ammo_357_COL.uasset" 380
"../../../WarFantasy/Content/IBFPSAmmo/Ammo/Textures/WP3D_ACC_ammo_357_MET.uasset" 381
"../../../WarFantasy/Content/IBFPSAmmo/Ammo/Textures/WP3D_ACC_ammo_357_NRM.uasset" 382
"../../../WarFantasy/Content/IBFPSAmmo/Ammo/Textures/WP3D_ACC_ammo_357_RGS.uasset" 383
"../../../WarFantasy/Content/IBFPSAmmo/Ammo/Materials/Mat_ammo_357.uasset" 384
"../../../WarFantasy/Content/IBFPSAmmo/Ammo/ammo_357.uasset" 385
"../../../WarFantasy/Content/IBFPSAmmo/Ammo/Textures/WP3D_ACC_ammo_357_fired_AO.uasset" 386
"../../../WarFantasy/Content/IBFPSAmmo/Ammo/Textures/WP3D_ACC_ammo_357_fired_COL.uasset" 387
"../../../WarFantasy/Content/IBFPSAmmo/Ammo/Textures/WP3D_ACC_ammo_357_fired_MET.uasset" 388
"../../../WarFantasy/Content/IBFPSAmmo/Ammo/Textures/WP3D_ACC_ammo_357_fired_NRM.uasset" 389
"../../../WarFantasy/Content/IBFPSAmmo/Ammo/Textures/WP3D_ACC_ammo_357_fired_RGS.uasset" 390
"../../../WarFantasy/Content/IBFPSAmmo/Ammo/Materials/Mat_ammo_357_fired.uasset" 391
"../../../WarFantasy/Content/IBFPSAmmo/Ammo/ammo_357_bullet.uasset" 392
"../../../WarFantasy/Content/IBFPSAmmo/Ammo/ammo_357_case.uasset" 393
"../../../WarFantasy/Content/IBFPSAmmo/Ammo/Textures/WP3D_ACC_ammo_380_AO.uasset" 394
"../../../WarFantasy/Content/IBFPSAmmo/Ammo/Textures/WP3D_ACC_ammo_380_COL.uasset" 395
"../../../WarFantasy/Content/IBFPSAmmo/Ammo/Textures/WP3D_ACC_ammo_380_MET.uasset" 396
"../../../WarFantasy/Content/IBFPSAmmo/Ammo/Textures/WP3D_ACC_ammo_380_NRM.uasset" 397
"../../../WarFantasy/Content/IBFPSAmmo/Ammo/Textures/WP3D_ACC_ammo_380_RGS.uasset" 398
"../../../WarFantasy/Content/IBFPSAmmo/Ammo/Materials/Mat_ammo_380.uasset" 399
"../../../WarFantasy/Content/IBFPSAmmo/Ammo/ammo_380.uasset" 400
"../../../WarFantasy/Content/IBFPSAmmo/Ammo/Textures/WP3D_ACC_ammo_380_fired_AO.uasset" 401
"../../../WarFantasy/Content/IBFPSAmmo/Ammo/Textures/WP3D_ACC_ammo_380_fired_COL.uasset" 402
"../../../WarFantasy/Content/IBFPSAmmo/Ammo/Textures/WP3D_ACC_ammo_380_fired_MET.uasset" 403
"../../../WarFantasy/Content/IBFPSAmmo/Ammo/Textures/WP3D_ACC_ammo_380_fired_NRM.uasset" 404
"../../../WarFantasy/Content/IBFPSAmmo/Ammo/Textures/WP3D_ACC_ammo_380_fired_RGS.uasset" 405
"../../../WarFantasy/Content/IBFPSAmmo/Ammo/Materials/Mat_ammo_380_fired.uasset" 406
"../../../WarFantasy/Content/IBFPSAmmo/Ammo/ammo_380_bullet.uasset" 407
"../../../WarFantasy/Content/IBFPSAmmo/Ammo/ammo_380_case.uasset" 408
"../../../WarFantasy/Content/IBFPSAmmo/Ammo/Textures/WP3D_ACC_ammo_45apc_AO.uasset" 409
"../../../WarFantasy/Content/IBFPSAmmo/Ammo/Textures/WP3D_ACC_ammo_45apc_COL.uasset" 410
"../../../WarFantasy/Content/IBFPSAmmo/Ammo/Textures/WP3D_ACC_ammo_45apc_MET.uasset" 411
"../../../WarFantasy/Content/IBFPSAmmo/Ammo/Textures/WP3D_ACC_ammo_45apc_NRM.uasset" 412
"../../../WarFantasy/Content/IBFPSAmmo/Ammo/Textures/WP3D_ACC_ammo_45apc_RGS.uasset" 413
"../../../WarFantasy/Content/IBFPSAmmo/Ammo/Materials/Mat_ammo_45apc.uasset" 414
"../../../WarFantasy/Content/IBFPSAmmo/Ammo/ammo_45apc.uasset" 415
"../../../WarFantasy/Content/IBFPSAmmo/Ammo/Textures/WP3D_ACC_ammo_45apc_fired_AO.uasset" 416
"../../../WarFantasy/Content/IBFPSAmmo/Ammo/Textures/WP3D_ACC_ammo_45apc_fired_COL.uasset" 417
"../../../WarFantasy/Content/IBFPSAmmo/Ammo/Textures/WP3D_ACC_ammo_45apc_fired_MET.uasset" 418
"../../../WarFantasy/Content/IBFPSAmmo/Ammo/Textures/WP3D_ACC_ammo_45apc_fired_NRM.uasset" 419
"../../../WarFantasy/Content/IBFPSAmmo/Ammo/Textures/WP3D_ACC_ammo_45apc_fired_RGS.uasset" 420
"../../../WarFantasy/Content/IBFPSAmmo/Ammo/Materials/Mat_ammo_45apc_fired.uasset" 421
"../../../WarFantasy/Content/IBFPSAmmo/Ammo/ammo_45apc_bullet.uasset" 422
"../../../WarFantasy/Content/IBFPSAmmo/Ammo/ammo_45apc_case.uasset" 423
"../../../WarFantasy/Content/IBFPSAmmo/Ammo/Textures/WP3D_ACC_ammo_500SW_AO.uasset" 424
"../../../WarFantasy/Content/IBFPSAmmo/Ammo/Textures/WP3D_ACC_ammo_500SW_COL.uasset" 425
"../../../WarFantasy/Content/IBFPSAmmo/Ammo/Textures/WP3D_ACC_ammo_500SW_MET.uasset" 426
"../../../WarFantasy/Content/IBFPSAmmo/Ammo/Textures/WP3D_ACC_ammo_500SW_NRM.uasset" 427
"../../../WarFantasy/Content/IBFPSAmmo/Ammo/Textures/WP3D_ACC_ammo_500SW_RGS.uasset" 428
"../../../WarFantasy/Content/IBFPSAmmo/Ammo/Materials/Mat_ammo_500SW.uasset" 429
"../../../WarFantasy/Content/IBFPSAmmo/Ammo/ammo_500SW.uasset" 430
"../../../WarFantasy/Content/IBFPSAmmo/Ammo/Textures/WP3D_ACC_ammo_500SW_fired_AO.uasset" 431
"../../../WarFantasy/Content/IBFPSAmmo/Ammo/Textures/WP3D_ACC_ammo_500SW_fired_COL.uasset" 432
"../../../WarFantasy/Content/IBFPSAmmo/Ammo/Textures/WP3D_ACC_ammo_500SW_fired_MET.uasset" 433
"../../../WarFantasy/Content/IBFPSAmmo/Ammo/Textures/WP3D_ACC_ammo_500SW_fired_NRM.uasset" 434
"../../../WarFantasy/Content/IBFPSAmmo/Ammo/Textures/WP3D_ACC_ammo_500SW_fired_RGS.uasset" 435
"../../../WarFantasy/Content/IBFPSAmmo/Ammo/Materials/Mat_ammo_500SW_fired.uasset" 436
"../../../WarFantasy/Content/IBFPSAmmo/Ammo/ammo_500SW_bullet.uasset" 437
"../../../WarFantasy/Content/IBFPSAmmo/Ammo/ammo_500SW_case.uasset" 438
"../../../WarFantasy/Content/IBFPSAmmo/Ammo/Textures/WP3D_ACC_ammo_50BMG_AO.uasset" 439
"../../../WarFantasy/Content/IBFPSAmmo/Ammo/Textures/WP3D_ACC_ammo_50BMG_COL.uasset" 440
"../../../WarFantasy/Content/IBFPSAmmo/Ammo/Textures/WP3D_ACC_ammo_50BMG_MET.uasset" 441
"../../../WarFantasy/Content/IBFPSAmmo/Ammo/Textures/WP3D_ACC_ammo_50BMG_NRM.uasset" 442
"../../../WarFantasy/Content/IBFPSAmmo/Ammo/Textures/WP3D_ACC_ammo_50BMG_RGS.uasset" 443
"../../../WarFantasy/Content/IBFPSAmmo/Ammo/Materials/Mat_ammo_50BMG.uasset" 444
"../../../WarFantasy/Content/IBFPSAmmo/Ammo/ammo_50BMG.uasset" 445
"../../../WarFantasy/Content/IBFPSAmmo/Ammo/Textures/WP3D_ACC_ammo_50BMG_fired_AO.uasset" 446
"../../../WarFantasy/Content/IBFPSAmmo/Ammo/Textures/WP3D_ACC_ammo_50BMG_fired_COL.uasset" 447
"../../../WarFantasy/Content/IBFPSAmmo/Ammo/Textures/WP3D_ACC_ammo_50BMG_fired_MET.uasset" 448
"../../../WarFantasy/Content/IBFPSAmmo/Ammo/Textures/WP3D_ACC_ammo_50BMG_fired_NRM.uasset" 449
"../../../WarFantasy/Content/IBFPSAmmo/Ammo/Textures/WP3D_ACC_ammo_50BMG_fired_RGS.uasset" 450
"../../../WarFantasy/Content/IBFPSAmmo/Ammo/Materials/Mat_ammo_50BMG_fired.uasset" 451
"../../../WarFantasy/Content/IBFPSAmmo/Ammo/ammo_50BMG_bullet.uasset" 452
"../../../WarFantasy/Content/IBFPSAmmo/Ammo/ammo_50BMG_case.uasset" 453
"../../../WarFantasy/Content/IBFPSAmmo/Ammo/Textures/WP3D_ACC_ammo_545x39_AO.uasset" 454
"../../../WarFantasy/Content/IBFPSAmmo/Ammo/Textures/WP3D_ACC_ammo_545x39_COL.uasset" 455
"../../../WarFantasy/Content/IBFPSAmmo/Ammo/Textures/WP3D_ACC_ammo_545x39_MET.uasset" 456
"../../../WarFantasy/Content/IBFPSAmmo/Ammo/Textures/WP3D_ACC_ammo_545x39_NRM.uasset" 457
"../../../WarFantasy/Content/IBFPSAmmo/Ammo/Textures/WP3D_ACC_ammo_545x39_RGS.uasset" 458
"../../../WarFantasy/Content/IBFPSAmmo/Ammo/Materials/Mat_ammo_545x39.uasset" 459
"../../../WarFantasy/Content/IBFPSAmmo/Ammo/ammo_545x39.uasset" 460
"../../../WarFantasy/Content/IBFPSAmmo/Ammo/Textures/WP3D_ACC_ammo_545x39_fired_AO.uasset" 461
"../../../WarFantasy/Content/IBFPSAmmo/Ammo/Textures/WP3D_ACC_ammo_545x39_fired_COL.uasset" 462
"../../../WarFantasy/Content/IBFPSAmmo/Ammo/Textures/WP3D_ACC_ammo_545x39_fired_MET.uasset" 463
"../../../WarFantasy/Content/IBFPSAmmo/Ammo/Textures/WP3D_ACC_ammo_545x39_fired_NRM.uasset" 464
"../../../WarFantasy/Content/IBFPSAmmo/Ammo/Textures/WP3D_ACC_ammo_545x39_fired_RGS.uasset" 465
"../../../WarFantasy/Content/IBFPSAmmo/Ammo/Materials/Mat_ammo_545x39_fired.uasset" 466
"../../../WarFantasy/Content/IBFPSAmmo/Ammo/ammo_545x39_bullet.uasset" 467
"../../../WarFantasy/Content/IBFPSAmmo/Ammo/ammo_545x39_case.uasset" 468
"../../../WarFantasy/Content/IBFPSAmmo/Ammo/Textures/WP3D_ACC_ammo_556belt_fired_AO.uasset" 469
"../../../WarFantasy/Content/IBFPSAmmo/Ammo/Textures/WP3D_ACC_ammo_556belt_fired_COL.uasset" 470
"../../../WarFantasy/Content/IBFPSAmmo/Ammo/Textures/WP3D_ACC_ammo_556belt_fired_MET.uasset" 471
"../../../WarFantasy/Content/IBFPSAmmo/Ammo/Textures/WP3D_ACC_ammo_556belt_fired_NRM.uasset" 472
"../../../WarFantasy/Content/IBFPSAmmo/Ammo/Textures/WP3D_ACC_ammo_556belt_fired_RGS.uasset" 473
"../../../WarFantasy/Content/IBFPSAmmo/Ammo/Materials/Mat_ammo_556belt_fired.uasset" 474
"../../../WarFantasy/Content/IBFPSAmmo/Ammo/ammo_556_belt.uasset" 475
"../../../WarFantasy/Content/IBFPSAmmo/Ammo/Textures/WP3D_ACC_ammo_556belt_AO.uasset" 476
"../../../WarFantasy/Content/IBFPSAmmo/Ammo/Textures/WP3D_ACC_ammo_556belt_COL.uasset" 477
"../../../WarFantasy/Content/IBFPSAmmo/Ammo/Textures/WP3D_ACC_ammo_556belt_MET.uasset" 478
"../../../WarFantasy/Content/IBFPSAmmo/Ammo/Textures/WP3D_ACC_ammo_556belt_NRM.uasset" 479
"../../../WarFantasy/Content/IBFPSAmmo/Ammo/Textures/WP3D_ACC_ammo_556belt_RGS.uasset" 480
"../../../WarFantasy/Content/IBFPSAmmo/Ammo/Materials/Mat_ammo_556belt.uasset" 481
"../../../WarFantasy/Content/IBFPSAmmo/Ammo/ammo_556belt.uasset" 482
"../../../WarFantasy/Content/IBFPSAmmo/Ammo/Textures/WP3D_ACC_ammo_556x45_AO.uasset" 483
"../../../WarFantasy/Content/IBFPSAmmo/Ammo/Textures/WP3D_ACC_ammo_556x45_COL.uasset" 484
"../../../WarFantasy/Content/IBFPSAmmo/Ammo/Textures/WP3D_ACC_ammo_556x45_MET.uasset" 485
"../../../WarFantasy/Content/IBFPSAmmo/Ammo/Textures/WP3D_ACC_ammo_556x45_NRM.uasset" 486
"../../../WarFantasy/Content/IBFPSAmmo/Ammo/Textures/WP3D_ACC_ammo_556x45_RGS.uasset" 487
"../../../WarFantasy/Content/IBFPSAmmo/Ammo/Materials/Mat_ammo_556x45.uasset" 488
"../../../WarFantasy/Content/IBFPSAmmo/Ammo/ammo_556x45.uasset" 489
"../../../WarFantasy/Content/IBFPSAmmo/Ammo/Textures/WP3D_ACC_ammo_556x45_fired_AO.uasset" 490
"../../../WarFantasy/Content/IBFPSAmmo/Ammo/Textures/WP3D_ACC_ammo_556x45_fired_COL.uasset" 491
"../../../WarFantasy/Content/IBFPSAmmo/Ammo/Textures/WP3D_ACC_ammo_556x45_fired_MET.uasset" 492
"../../../WarFantasy/Content/IBFPSAmmo/Ammo/Textures/WP3D_ACC_ammo_556x45_fired_NRM.uasset" 493
"../../../WarFantasy/Content/IBFPSAmmo/Ammo/Textures/WP3D_ACC_ammo_556x45_fired_RGS.uasset" 494
"../../../WarFantasy/Content/IBFPSAmmo/Ammo/Materials/Mat_ammo_556x45_fired.uasset" 495
"../../../WarFantasy/Content/IBFPSAmmo/Ammo/ammo_556x45_bullet.uasset" 496
"../../../WarFantasy/Content/IBFPSAmmo/Ammo/ammo_556x45_case.uasset" 497
"../../../WarFantasy/Content/IBFPSAmmo/Ammo/Textures/WP3D_ACC_ammo_57x029_case_fired_AO.uasset" 498
"../../../WarFantasy/Content/IBFPSAmmo/Ammo/Textures/WP3D_ACC_ammo_57x029_case_fired_COL.uasset" 499
"../../../WarFantasy/Content/IBFPSAmmo/Ammo/Textures/WP3D_ACC_ammo_57x029_case_fired_MET.uasset" 500
"../../../WarFantasy/Content/IBFPSAmmo/Ammo/Textures/WP3D_ACC_ammo_57x029_case_fired_NRM.uasset" 501
"../../../WarFantasy/Content/IBFPSAmmo/Ammo/Textures/WP3D_ACC_ammo_57x029_case_fired_RGS.uasset" 502
"../../../WarFantasy/Content/IBFPSAmmo/Ammo/Materials/Mat_ammo_57x29.uasset" 503
"../../../WarFantasy/Content/IBFPSAmmo/Ammo/ammo_57x029_bullet.uasset" 504
"../../../WarFantasy/Content/IBFPSAmmo/Ammo/ammo_57x029_case.uasset" 505
"../../../WarFantasy/Content/IBFPSAmmo/Ammo/ammo_57x29.uasset" 506
"../../../WarFantasy/Content/IBFPSAmmo/Ammo/Textures/WP3D_ACC_ammo_762x39_AO.uasset" 507
"../../../WarFantasy/Content/IBFPSAmmo/Ammo/Textures/WP3D_ACC_ammo_762x39_COL.uasset" 508
"../../../WarFantasy/Content/IBFPSAmmo/Ammo/Textures/WP3D_ACC_ammo_762x39_MET.uasset" 509
"../../../WarFantasy/Content/IBFPSAmmo/Ammo/Textures/WP3D_ACC_ammo_762x39_NRM.uasset" 510
"../../../WarFantasy/Content/IBFPSAmmo/Ammo/Textures/WP3D_ACC_ammo_762x39_RGS.uasset" 511
"../../../WarFantasy/Content/IBFPSAmmo/Ammo/Materials/Mat_ammo_762x39.uasset" 512
"../../../WarFantasy/Content/IBFPSAmmo/Ammo/ammo_762x39.uasset" 513
"../../../WarFantasy/Content/IBFPSAmmo/Ammo/Textures/WP3D_ACC_ammo_762x39_case_fired_AO.uasset" 514
"../../../WarFantasy/Content/IBFPSAmmo/Ammo/Textures/WP3D_ACC_ammo_762x39_case_fired_COL.uasset" 515
"../../../WarFantasy/Content/IBFPSAmmo/Ammo/Textures/WP3D_ACC_ammo_762x39_case_fired_MET.uasset" 516
"../../../WarFantasy/Content/IBFPSAmmo/Ammo/Textures/WP3D_ACC_ammo_762x39_case_fired_NRM.uasset" 517
"../../../WarFantasy/Content/IBFPSAmmo/Ammo/Textures/WP3D_ACC_ammo_762x39_case_fired_RGS.uasset" 518
"../../../WarFantasy/Content/IBFPSAmmo/Ammo/Materials/Mat_ammo_762x39_fired.uasset" 519
"../../../WarFantasy/Content/IBFPSAmmo/Ammo/ammo_762x39_bullet.uasset" 520
"../../../WarFantasy/Content/IBFPSAmmo/Ammo/ammo_762x39_case.uasset" 521
"../../../WarFantasy/Content/IBFPSAmmo/Ammo/Textures/WP3D_ACC_ammo_762x51_AO.uasset" 522
"../../../WarFantasy/Content/IBFPSAmmo/Ammo/Textures/WP3D_ACC_ammo_762x51_COL.uasset" 523
"../../../WarFantasy/Content/IBFPSAmmo/Ammo/Textures/WP3D_ACC_ammo_762x51_MET.uasset" 524
"../../../WarFantasy/Content/IBFPSAmmo/Ammo/Textures/WP3D_ACC_ammo_762x51_NRM.uasset" 525
"../../../WarFantasy/Content/IBFPSAmmo/Ammo/Textures/WP3D_ACC_ammo_762x51_RGS.uasset" 526
"../../../WarFantasy/Content/IBFPSAmmo/Ammo/Materials/Mat_ammo_762x51.uasset" 527
"../../../WarFantasy/Content/IBFPSAmmo/Ammo/ammo_762x51.uasset" 528
"../../../WarFantasy/Content/IBFPSAmmo/Ammo/Textures/WP3D_ACC_ammo_762x51_fired_AO.uasset" 529
"../../../WarFantasy/Content/IBFPSAmmo/Ammo/Textures/WP3D_ACC_ammo_762x51_fired_COL.uasset" 530
"../../../WarFantasy/Content/IBFPSAmmo/Ammo/Textures/WP3D_ACC_ammo_762x51_fired_MET.uasset" 531
"../../../WarFantasy/Content/IBFPSAmmo/Ammo/Textures/WP3D_ACC_ammo_762x51_fired_NRM.uasset" 532
"../../../WarFantasy/Content/IBFPSAmmo/Ammo/Textures/WP3D_ACC_ammo_762x51_fired_RGS.uasset" 533
"../../../WarFantasy/Content/IBFPSAmmo/Ammo/Materials/Mat_ammo_762x51_fired.uasset" 534
"../../../WarFantasy/Content/IBFPSAmmo/Ammo/ammo_762x51_bullet.uasset" 535
"../../../WarFantasy/Content/IBFPSAmmo/Ammo/ammo_762x51_case.uasset" 536
"../../../WarFantasy/Content/IBFPSAmmo/Ammo/Textures/WP3D_ACC_ammo_762x54_AO.uasset" 537
"../../../WarFantasy/Content/IBFPSAmmo/Ammo/Textures/WP3D_ACC_ammo_762x54_COL.uasset" 538
"../../../WarFantasy/Content/IBFPSAmmo/Ammo/Textures/WP3D_ACC_ammo_762x54_MET.uasset" 539
"../../../WarFantasy/Content/IBFPSAmmo/Ammo/Textures/WP3D_ACC_ammo_762x54_NRM.uasset" 540
"../../../WarFantasy/Content/IBFPSAmmo/Ammo/Textures/WP3D_ACC_ammo_762x54_RGS.uasset" 541
"../../../WarFantasy/Content/IBFPSAmmo/Ammo/Materials/Mat_ammo_762x54.uasset" 542
"../../../WarFantasy/Content/IBFPSAmmo/Ammo/ammo_762x54.uasset" 543
"../../../WarFantasy/Content/IBFPSAmmo/Ammo/Textures/WP3D_ACC_ammo_762x54_fired_AO.uasset" 544
"../../../WarFantasy/Content/IBFPSAmmo/Ammo/Textures/WP3D_ACC_ammo_762x54_fired_COL.uasset" 545
"../../../WarFantasy/Content/IBFPSAmmo/Ammo/Textures/WP3D_ACC_ammo_762x54_fired_MET.uasset" 546
"../../../WarFantasy/Content/IBFPSAmmo/Ammo/Textures/WP3D_ACC_ammo_762x54_fired_NRM.uasset" 547
"../../../WarFantasy/Content/IBFPSAmmo/Ammo/Textures/WP3D_ACC_ammo_762x54_fired_RGS.uasset" 548
"../../../WarFantasy/Content/IBFPSAmmo/Ammo/Materials/Mat_ammo_762x54_fired.uasset" 549
"../../../WarFantasy/Content/IBFPSAmmo/Ammo/ammo_762x54_bullet.uasset" 550
"../../../WarFantasy/Content/IBFPSAmmo/Ammo/ammo_762x54_case.uasset" 551
"../../../WarFantasy/Content/IBFPSAmmo/Ammo/ammo_9x19.uasset" 552
"../../../WarFantasy/Content/IBFPSAmmo/Ammo/Textures/WP3D_ACC_ammo_9x19_fired_AO.uasset" 553
"../../../WarFantasy/Content/IBFPSAmmo/Ammo/Textures/WP3D_ACC_ammo_9x19_fired_COL.uasset" 554
"../../../WarFantasy/Content/IBFPSAmmo/Ammo/Textures/WP3D_ACC_ammo_9x19_fired_MET.uasset" 555
"../../../WarFantasy/Content/IBFPSAmmo/Ammo/Textures/WP3D_ACC_ammo_9x19_fired_NRM.uasset" 556
"../../../WarFantasy/Content/IBFPSAmmo/Ammo/Textures/WP3D_ACC_ammo_9x19_fired_RGS.uasset" 557
"../../../WarFantasy/Content/IBFPSAmmo/Ammo/Materials/Mat_ACC_ammo_9x19_fired.uasset" 558
"../../../WarFantasy/Content/IBFPSAmmo/Ammo/ammo_9x19_bullet.uasset" 559
"../../../WarFantasy/Content/IBFPSAmmo/Ammo/ammo_9x19_case.uasset" 560
"../../../WarFantasy/Content/IBFPSAmmo/Maps/OverviewMap.umap" 561
"../../../WarFantasy/Content/IBWP3DM4A1/Weapons/M4A1/SK_M4A1_AnimBlueprint.uasset" 562
"../../../WarFantasy/Content/FirstPersonBPIronbelly/Arms/FPSArms_Skeleton.uasset" 563
"../../../WarFantasy/Content/FirstPersonBPIronbelly/Arms/Animations/ANIM_M4A1-ADSIdle.uasset" 564
"../../../WarFantasy/Content/FirstPersonBPIronbelly/Arms/Animations/ANIM_M4A1-ADSWalk.uasset" 565
"../../../WarFantasy/Content/FirstPersonBPIronbelly/Arms/Animations/ANIM_M4A1-Idle.uasset" 566
"../../../WarFantasy/Content/FirstPersonBPIronbelly/Arms/Animations/ANIM_M4A1-Sprint.uasset" 567
"../../../WarFantasy/Content/FirstPersonBPIronbelly/Arms/Animations/ANIM_M4A1-Walk.uasset" 568
"../../../WarFantasy/Content/FirstPerson/Animations/FirstPerson_Idle.uasset" 569
"../../../WarFantasy/Content/FirstPerson/Animations/FirstPerson_JumpEnd.uasset" 570
"../../../WarFantasy/Content/FirstPerson/Animations/FirstPerson_JumpLoop.uasset" 571
"../../../WarFantasy/Content/FirstPerson/Animations/FirstPerson_JumpStart.uasset" 572
"../../../WarFantasy/Content/FirstPerson/Animations/FirstPerson_Run.uasset" 573
"../../../WarFantasy/Content/FirstPerson/Animations/FirstPerson_AnimBP.uasset" 574
"../../../WarFantasy/Content/FirstPersonBPIronbelly/Arms/Animations/ANIM_M4A1-ADSFire.uasset" 575
"../../../WarFantasy/Content/FirstPersonBPIronbelly/Arms/Animations/ANIM_M4A1-ADSFire_Montage.uasset" 576
"../../../WarFantasy/Content/FirstPersonBPIronbelly/Arms/Animations/ANIM_M4A1-Fire.uasset" 577
"../../../WarFantasy/Content/FirstPersonBPIronbelly/Arms/Animations/ANIM_M4A1-Fire_Montage.uasset" 578
"../../../WarFantasy/Content/FirstPersonBPIronbelly/Arms/Animations/ANIM_M4A1-Raise.uasset" 579
"../../../WarFantasy/Content/FirstPersonBPIronbelly/Arms/Animations/ANIM_M4A1-Raise_Montage.uasset" 580
"../../../WarFantasy/Content/FirstPersonBPIronbelly/Arms/Animations/ANIM_M4A1-Reload.uasset" 581
"../../../WarFantasy/Content/FirstPersonBPIronbelly/Arms/Animations/ANIM_M4A1-Reload_Montage.uasset" 582
"../../../WarFantasy/Content/IBWP3DM4A1/Weapons/M4A1/Animations/ANIM_M4A1-Reload.uasset" 583
"../../../WarFantasy/Content/IBWP3DM4A1/Weapons/M4A1/Animations/ANIM_M4A1-Reload_Montage.uasset" 584
"../../../WarFantasy/Content/FirstPerson/Audio/FirstPersonTemplateWeaponFire02.uasset" 585
"../../../WarFantasy/Content/FirstPersonBPIronbelly/Arms/Textures/FPArms_Male1_AO.uasset" 586
"../../../WarFantasy/Content/FirstPersonBPIronbelly/Arms/Textures/FPArms_Male1_DIF.uasset" 587
"../../../WarFantasy/Content/FirstPersonBPIronbelly/Arms/Textures/FPArms_Male1_MET.uasset" 588
"../../../WarFantasy/Content/FirstPersonBPIronbelly/Arms/Textures/FPArms_Male1_NRM.uasset" 589
"../../../WarFantasy/Content/FirstPersonBPIronbelly/Arms/Textures/FPArms_Male1_RGS.uasset" 590
"../../../WarFantasy/Content/FirstPersonBPIronbelly/Arms/Textures/FPArms_Male1_SPC.uasset" 591
"../../../WarFantasy/Content/FirstPersonBPIronbelly/MasterMaterial/Mat_Arm.uasset" 592
"../../../WarFantasy/Content/FirstPersonBPIronbelly/Arms/FPSArms_PhysicsAsset.uasset" 593
"../../../WarFantasy/Content/FirstPersonBPIronbelly/Arms/SK_FPSArms.uasset" 594
"../../../WarFantasy/Content/IBWP3DM4A1/Weapons/M4A1/Textures/TEX_M4_Barrel_COL.uasset" 595
"../../../WarFantasy/Content/IBWP3DM4A1/Weapons/M4A1/Textures/TEX_M4_Barrel_MET.uasset" 596
"../../../WarFantasy/Content/IBWP3DM4A1/Weapons/M4A1/Textures/TEX_M4_Barrel_NRM.uasset" 597
"../../../WarFantasy/Content/IBWP3DM4A1/Weapons/M4A1/Textures/TEX_M4_Barrel_RGS.uasset" 598
"../../../WarFantasy/Content/IBWP3DM4A1/Weapons/M4A1/Textures/TEX_M4_Carryhandle_AO.uasset" 599
"../../../WarFantasy/Content/FirstPersonBPIronbelly/MasterMaterial/WeaponMaster.uasset" 600
"../../../WarFantasy/Content/IBWP3DM4A1/Weapons/M4A1/Textures/TEX_M4_Barrel_AO.uasset" 601
"../../../WarFantasy/Content/IBWP3DM4A1/Weapons/M4A1/Materials/MAT_M4A1_barrel.uasset" 602
"../../../WarFantasy/Content/IBWP3DM4A1/Weapons/M4A1/Textures/TEX_M4_Carryhandle_COL.uasset" 603
"../../../WarFantasy/Content/IBWP3DM4A1/Weapons/M4A1/Textures/TEX_M4_Carryhandle_MET.uasset" 604
"../../../WarFantasy/Content/IBWP3DM4A1/Weapons/M4A1/Textures/TEX_M4_Carryhandle_NRM.uasset" 605
"../../../WarFantasy/Content/IBWP3DM4A1/Weapons/M4A1/Textures/TEX_M4_Carryhandle_RGS.uasset" 606
"../../../WarFantasy/Content/IBWP3DM4A1/Weapons/M4A1/Materials/MAT_M4A1_Carryhandle.uasset" 607
"../../../WarFantasy/Content/IBWP3DM4A1/Weapons/M4A1/Textures/TEX_M4_Foregrip_AO.uasset" 608
"../../../WarFantasy/Content/IBWP3DM4A1/Weapons/M4A1/Textures/TEX_M4_Foregrip_COL.uasset" 609
"../../../WarFantasy/Content/IBWP3DM4A1/Weapons/M4A1/Textures/TEX_M4_Foregrip_MET.uasset" 610
"../../../WarFantasy/Content/IBWP3DM4A1/Weapons/M4A1/Textures/TEX_M4_Foregrip_NRM.uasset" 611
"../../../WarFantasy/Content/IBWP3DM4A1/Weapons/M4A1/Textures/TEX_M4_Foregrip_RGS.uasset" 612
"../../../WarFantasy/Content/IBWP3DM4A1/Weapons/M4A1/Materials/MAT_M4A1_Foregrip.uasset" 613
"../../../WarFantasy/Content/IBWP3DM4A1/Weapons/M4A1/Textures/TEX_M4_Magazine_AO.uasset" 614
"../../../WarFantasy/Content/IBWP3DM4A1/Weapons/M4A1/Textures/TEX_M4_Magazine_COL.uasset" 615
"../../../WarFantasy/Content/IBWP3DM4A1/Weapons/M4A1/Textures/TEX_M4_Magazine_MET.uasset" 616
"../../../WarFantasy/Content/IBWP3DM4A1/Weapons/M4A1/Textures/TEX_M4_Magazine_NRM.uasset" 617
"../../../WarFantasy/Content/IBWP3DM4A1/Weapons/M4A1/Textures/TEX_M4_Magazine_RGS.uasset" 618
"../../../WarFantasy/Content/IBWP3DM4A1/Weapons/M4A1/Materials/MAT_M4A1_Magazine.uasset" 619
"../../../WarFantasy/Content/IBWP3DM4A1/Weapons/M4A1/Textures/TEX_M4_Receiver_AO.uasset" 620
"../../../WarFantasy/Content/IBWP3DM4A1/Weapons/M4A1/Textures/TEX_M4_Receiver_COL.uasset" 621
"../../../WarFantasy/Content/IBWP3DM4A1/Weapons/M4A1/Textures/TEX_M4_Receiver_MET.uasset" 622
"../../../WarFantasy/Content/IBWP3DM4A1/Weapons/M4A1/Textures/TEX_M4_Receiver_NRM.uasset" 623
"../../../WarFantasy/Content/IBWP3DM4A1/Weapons/M4A1/Textures/TEX_M4_Receiver_RGS.uasset" 624
"../../../WarFantasy/Content/IBWP3DM4A1/Weapons/M4A1/Materials/MAT_M4A1_Receiver.uasset" 625
"../../../WarFantasy/Content/IBWP3DM4A1/Weapons/M4A1/Textures/TEX_M4_Stock_AO.uasset" 626
"../../../WarFantasy/Content/IBWP3DM4A1/Weapons/M4A1/Textures/TEX_M4_Stock_COL.uasset" 627
"../../../WarFantasy/Content/IBWP3DM4A1/Weapons/M4A1/Textures/TEX_M4_Stock_MET.uasset" 628
"../../../WarFantasy/Content/IBWP3DM4A1/Weapons/M4A1/Textures/TEX_M4_Stock_NRM.uasset" 629
"../../../WarFantasy/Content/IBWP3DM4A1/Weapons/M4A1/Textures/TEX_M4_Stock_RGS.uasset" 630
"../../../WarFantasy/Content/IBWP3DM4A1/Weapons/M4A1/Materials/MAT_M4A1_Stock.uasset" 631
"../../../WarFantasy/Content/IBWP3DM4A1/Weapons/M4A1/PA_M4A1.uasset" 632
"../../../WarFantasy/Content/IBWP3DM4A1/Weapons/M4A1/SM_M4A1.uasset" 633
"../../../WarFantasy/Content/FirstPersonCPP/Blueprints/FirstPersonCharacter.uasset" 634
"../../../WarFantasy/Content/FirstPersonBPIronbelly/Arms/FPSArms_Skeleton_AnimBlueprint_44Mag.uasset" 635
"../../../WarFantasy/Content/FirstPersonBPIronbelly/Arms/Animations/ANIM_M4A1-Lower.uasset" 636
"../../../WarFantasy/Content/FirstPersonBPIronbelly/Arms/Animations/ANIM_M4A1-Lower_Montage.uasset" 637
"../../../WarFantasy/Content/IBWP3DM4A1/Weapons/M4A1/Animations/ANIM_M4A1-Fire.uasset" 638
"../../../WarFantasy/Content/IBWP3DM4A1/Weapons/M4A1/Animations/ANIM_M4A1-Fire_Montage.uasset" 639
"../../../WarFantasy/Content/FirstPersonBPIronbelly/Geometry/Meshes/FirstPersonProjectileMaterial.uasset" 640
"../../../WarFantasy/Content/FirstPersonBPIronbelly/Geometry/Meshes/FirstPersonProjectileMesh.uasset" 641
"../../../WarFantasy/Content/FirstPersonBPIronbelly/Blueprints/FirstPersonProjectile_Ironbelly.uasset" 642
"../../../WarFantasy/Content/FirstPersonBPIronbelly/Blueprints/ShotCameraShake.uasset" 643
"../../../WarFantasy/Content/FirstPersonBPIronbelly/Audio/FirstPersonTemplateWeaponFire02_Ironbelly.uasset" 644
"../../../WarFantasy/Content/IBWP3DM4A1/Particles/Textures/VFX/TEX_M4A1Front_COL.uasset" 645
"../../../WarFantasy/Content/IBWP3DM4A1/Particles/Materials/VFX/Mat_FxMAT_M4A1_muzFlashFront.uasset" 646
"../../../WarFantasy/Content/IBWP3DM4A1/Particles/Textures/VFX/TEX_M4A1Side_COL.uasset" 647
"../../../WarFantasy/Content/IBWP3DM4A1/Particles/Materials/VFX/Mat_FxMAT_M4A1_muzFlashSide.uasset" 648
"../../../WarFantasy/Content/IBWP3DM4A1/Particles/Textures/VFX/TEX_frontFlashes_COL.uasset" 649
"../../../WarFantasy/Content/IBWP3DM4A1/Particles/Materials/VFX/Mat_FxMAT_M4A1MuzFlashFront.uasset" 650
"../../../WarFantasy/Content/IBWP3DM4A1/Particles/Textures/VFX/TEX_bpFade_COL.uasset" 651
"../../../WarFantasy/Content/IBWP3DM4A1/Particles/Textures/VFX/TEX_smokePmask_COL.uasset" 652
"../../../WarFantasy/Content/IBWP3DM4A1/Particles/Materials/VFX/Mat_FxMAT_Smoke01.uasset" 653
"../../../WarFantasy/Content/IBWP3DM4A1/Particles/Meshes/VFX/SM_geo_akFmuzFlash_01.uasset" 654
"../../../WarFantasy/Content/IBWP3DM4A1/Particles/PS_VFX_M4A1.uasset" 655
"../../../WarFantasy/Content/FirstPersonBPIronbelly/Blueprints/FirstPersonCharacter_M4A1.uasset" 656
"../../../WarFantasy/Content/FirstPersonBPIronbelly/Textures/FirstPersonCrosshair.uasset" 657
"../../../WarFantasy/Content/FirstPersonBPIronbelly/Blueprints/FirstPersonHUD_Ironbelly.uasset" 658
"../../../WarFantasy/Content/FirstPersonBPIronbelly/Blueprints/FirstPersonGameMode_Ironbelly.uasset" 659
"../../../Engine/Content/Functions/Engine_MaterialFunctions03/Procedurals/ComputeFilterWidth.uasset" 660
"../../../Engine/Content/EngineMaterials/AntiAliasedTextMaterialTranslucent.uasset" 661
"../../../WarFantasy/Content/FirstPersonBPIronbelly/Geometry/Meshes/1M_Cube.uasset" 662
"../../../WarFantasy/Content/FirstPersonBPIronbelly/Geometry/Meshes/TemplateFloor.uasset" 663
"../../../WarFantasy/Content/FirstPersonBPIronbelly/Maps/FirstPersonExampleMap_IronbellyM4A1.umap" 664
"../../../WarFantasy/Content/StarterContent/Shapes/Shape_Cylinder.uasset" 665
"../../../WarFantasy/Content/FirstPersonCPP/Blueprints/BP_Target.uasset" 666
"../../../WarFantasy/Content/FirstPersonCPP/Maps/FirstPersonExampleMap_BuiltData.uasset" 667
"../../../WarFantasy/Content/FirstPerson/Meshes/CubeMaterialOverride.uasset" 668
"../../../WarFantasy/Content/Geometry/Meshes/1M_Cube.uasset" 669
"../../../WarFantasy/Content/FirstPersonCPP/Maps/FirstPersonExampleMap.umap" 670
"../../../WarFantasy/Content/FirstPersonCPP/Maps/MazeOne_BuiltData.uasset" 671
"../../../WarFantasy/Content/FirstPersonCPP/Maps/MazeOne.umap" 672
"../../../Engine/Content/Maps/Entry.umap" 673
"../../../WarFantasy/Content/IBWP3DM4A1/Maps/Base.uasset" 674
"../../../WarFantasy/Content/IBWP3DM4A1/Maps/OverviewMap.umap" 675
"../../../WarFantasy/Content/StarterContent/Blueprints/Assets/FogBrightnessLUT.uasset" 676
"../../../WarFantasy/Content/StarterContent/Blueprints/Assets/SunlightColorLUT.uasset" 677
"../../../WarFantasy/Content/StarterContent/Blueprints/Assets/M_LightStage_Arrows.uasset" 678
"../../../Engine/Content/MapTemplates/Sky/DaylightAmbientCubemap.uasset" 679
"../../../WarFantasy/Content/StarterContent/Blueprints/Assets/M_LightStage_Skybox_Master.uasset" 680
"../../../WarFantasy/Content/StarterContent/Blueprints/Assets/M_LightStage_Skybox_Black.uasset" 681
"../../../WarFantasy/Content/StarterContent/Blueprints/Assets/M_LightStage_Skybox_HDRI.uasset" 682
"../../../Engine/Content/EditorMaterials/Thumbnails/SkySphereMaterial.uasset" 683
"../../../WarFantasy/Content/StarterContent/Blueprints/Assets/Skybox.uasset" 684
"../../../WarFantasy/Content/StarterContent/Blueprints/Assets/SM_Arrows.uasset" 685
"../../../WarFantasy/Content/StarterContent/HDRI/HDRI_Epic_Courtyard_Daylight.uasset" 686
"../../../WarFantasy/Content/StarterContent/Blueprints/BP_LightStudio.uasset" 687
"../../../WarFantasy/Content/StarterContent/Maps/Advanced_Lighting_BuiltData.uasset" 688
"../../../WarFantasy/Content/StarterContent/Materials/M_AssetPlatform.uasset" 689
"../../../Engine/Content/EditorMeshes/ColorCalibrator/M_ChromeBall.uasset" 690
"../../../Engine/Content/EditorMeshes/ColorCalibrator/M_ClearCoat.uasset" 691
"../../../Engine/Content/EditorMeshes/ColorCalibrator/M_ClearCoatBlack.uasset" 692
"../../../Engine/Content/EditorMeshes/ColorCalibrator/M_ColorGrid.uasset" 693
"../../../Engine/Content/EditorMeshes/ColorCalibrator/M_GreyBall.uasset" 694
"../../../Engine/Content/EditorMeshes/ColorCalibrator/SM_ColorCalibrator.uasset" 695
"../../../WarFantasy/Content/StarterContent/Architecture/SM_AssetPlatform.uasset" 696
"../../../WarFantasy/Content/StarterContent/Maps/Advanced_Lighting.umap" 697
"../../../WarFantasy/Content/StarterContent/Maps/Minimal_Default_BuiltData.uasset" 698
"../../../WarFantasy/Content/StarterContent/Textures/T_MacroVariation.uasset" 699
"../../../WarFantasy/Content/StarterContent/Materials/M_Metal_Brushed_Nickel.uasset" 700
"../../../WarFantasy/Content/StarterContent/Textures/T_Metal_Aluminum_D.uasset" 701
"../../../WarFantasy/Content/StarterContent/Textures/T_Metal_Gold_N.uasset" 702
"../../../WarFantasy/Content/StarterContent/Materials/M_Metal_Burnished_Steel.uasset" 703
"../../../WarFantasy/Content/StarterContent/Textures/T_Metal_Copper_D.uasset" 704
"../../../WarFantasy/Content/StarterContent/Materials/M_Metal_Copper.uasset" 705
"../../../WarFantasy/Content/StarterContent/Textures/T_Statue_M.uasset" 706
"../../../WarFantasy/Content/StarterContent/Textures/T_Statue_N.uasset" 707
"../../../WarFantasy/Content/StarterContent/Props/Materials/M_StatueGlass.uasset" 708
"../../../WarFantasy/Content/StarterContent/Architecture/Floor_400x400.uasset" 709
"../../../WarFantasy/Content/StarterContent/Audio/Starter_Background_Cue.uasset" 710
"../../../WarFantasy/Content/StarterContent/Props/SM_Chair.uasset" 711
"../../../WarFantasy/Content/StarterContent/Props/Materials/M_Statue.uasset" 712
"../../../WarFantasy/Content/StarterContent/Props/SM_Statue.uasset" 713
"../../../WarFantasy/Content/StarterContent/Textures/T_TableRound_M.uasset" 714
"../../../WarFantasy/Content/StarterContent/Textures/T_TableRound_N.uasset" 715
"../../../WarFantasy/Content/StarterContent/Props/Materials/M_TableRound.uasset" 716
"../../../WarFantasy/Content/StarterContent/Props/SM_TableRound.uasset" 717
"../../../WarFantasy/Content/StarterContent/Maps/Minimal_Default.umap" 718
"../../../WarFantasy/Content/StarterContent/Audio/Fire01_Cue.uasset" 719
"../../../WarFantasy/Content/StarterContent/Textures/T_Fire_SubUV.uasset" 720
"../../../WarFantasy/Content/StarterContent/Textures/T_Fire_Tiled_D.uasset" 721
"../../../WarFantasy/Content/StarterContent/Particles/Materials/M_Fire_SubUV.uasset" 722
"../../../WarFantasy/Content/StarterContent/Textures/T_Water_N.uasset" 723
"../../../WarFantasy/Content/StarterContent/Particles/Materials/M_Heat_Distortion.uasset" 724
"../../../WarFantasy/Content/StarterContent/Particles/Materials/M_Radial_Gradient.uasset" 725
"../../../WarFantasy/Content/StarterContent/Particles/P_Fire.uasset" 726
"../../../WarFantasy/Content/StarterContent/Blueprints/Blueprint_Effect_Fire.uasset" 727
"../../../WarFantasy/Content/StarterContent/Audio/Smoke01_Cue.uasset" 728
"../../../WarFantasy/Content/StarterContent/Particles/P_Smoke.uasset" 729
"../../../WarFantasy/Content/StarterContent/Blueprints/Blueprint_Effect_Smoke.uasset" 730
"../../../WarFantasy/Content/StarterContent/Audio/Fire_Sparks01_Cue.uasset" 731
"../../../WarFantasy/Content/StarterContent/Textures/T_Spark_Core.uasset" 732
"../../../WarFantasy/Content/StarterContent/Particles/Materials/M_Spark.uasset" 733
"../../../WarFantasy/Content/StarterContent/Particles/P_Sparks.uasset" 734
"../../../WarFantasy/Content/StarterContent/Blueprints/Blueprint_Effect_Sparks.uasset" 735
"../../../WarFantasy/Content/StarterContent/Audio/Steam01_Cue.uasset" 736
"../../../WarFantasy/Content/StarterContent/Particles/P_Steam_Lit.uasset" 737
"../../../WarFantasy/Content/StarterContent/Blueprints/Blueprint_Effect_Steam.uasset" 738
"../../../WarFantasy/Content/StarterContent/Textures/T_Lamp_M.uasset" 739
"../../../WarFantasy/Content/StarterContent/Textures/T_Lamp_N.uasset" 740
"../../../WarFantasy/Content/StarterContent/Props/Materials/M_Lamp.uasset" 741
"../../../WarFantasy/Content/StarterContent/Props/SM_Lamp_Ceiling.uasset" 742
"../../../WarFantasy/Content/StarterContent/Blueprints/Blueprint_CeilingLight.uasset" 743
"../../../WarFantasy/Content/StarterContent/Props/SM_Lamp_Wall.uasset" 744
"../../../WarFantasy/Content/StarterContent/Blueprints/Blueprint_WallSconce.uasset" 745
"../../../WarFantasy/Content/StarterContent/Maps/StarterMap_BuiltData.uasset" 746
"../../../WarFantasy/Content/StarterContent/Textures/T_Brick_Clay_Beveled_D.uasset" 747
"../../../WarFantasy/Content/StarterContent/Textures/T_Brick_Clay_Beveled_M.uasset" 748
"../../../WarFantasy/Content/StarterContent/Textures/T_Brick_Clay_Beveled_N.uasset" 749
"../../../WarFantasy/Content/StarterContent/Materials/M_Brick_Clay_Beveled.uasset" 750
"../../../WarFantasy/Content/StarterContent/Textures/T_Brick_Clay_New_D.uasset" 751
"../../../WarFantasy/Content/StarterContent/Textures/T_Brick_Clay_New_M.uasset" 752
"../../../WarFantasy/Content/StarterContent/Textures/T_Brick_Clay_New_N.uasset" 753
"../../../WarFantasy/Content/StarterContent/Materials/M_Brick_Clay_New.uasset" 754
"../../../WarFantasy/Content/StarterContent/Textures/T_Brick_Clay_Old_D.uasset" 755
"../../../WarFantasy/Content/StarterContent/Textures/T_Brick_Clay_Old_N.uasset" 756
"../../../WarFantasy/Content/StarterContent/Textures/T_Perlin_Noise_M.uasset" 757
"../../../WarFantasy/Content/StarterContent/Materials/M_Brick_Clay_Old.uasset" 758
"../../../WarFantasy/Content/StarterContent/Textures/T_Brick_Cut_Stone_D.uasset" 759
"../../../WarFantasy/Content/StarterContent/Textures/T_Brick_Cut_Stone_N.uasset" 760
"../../../WarFantasy/Content/StarterContent/Materials/M_Brick_Cut_Stone.uasset" 761
"../../../WarFantasy/Content/StarterContent/Textures/T_Brick_Hewn_Stone_D.uasset" 762
"../../../WarFantasy/Content/StarterContent/Textures/T_Brick_Hewn_Stone_M.uasset" 763
"../../../WarFantasy/Content/StarterContent/Textures/T_Brick_Hewn_Stone_N.uasset" 764
"../../../WarFantasy/Content/StarterContent/Materials/M_Brick_Hewn_Stone.uasset" 765
"../../../WarFantasy/Content/StarterContent/Textures/T_Ceramic_Tile_M.uasset" 766
"../../../WarFantasy/Content/StarterContent/Textures/T_Ceramic_Tile_N.uasset" 767
"../../../WarFantasy/Content/StarterContent/Textures/T_Rock_Marble_Polished_D.uasset" 768
"../../../WarFantasy/Content/StarterContent/Materials/M_Ceramic_Tile_Checker.uasset" 769
"../../../WarFantasy/Content/StarterContent/Textures/T_CobbleStone_Pebble_D.uasset" 770
"../../../WarFantasy/Content/StarterContent/Textures/T_CobbleStone_Pebble_M.uasset" 771
"../../../WarFantasy/Content/StarterContent/Textures/T_CobbleStone_Pebble_N.uasset" 772
"../../../WarFantasy/Content/StarterContent/Materials/M_CobbleStone_Pebble.uasset" 773
"../../../WarFantasy/Content/StarterContent/Textures/T_CobbleStone_Rough_D.uasset" 774
"../../../WarFantasy/Content/StarterContent/Textures/T_CobbleStone_Rough_N.uasset" 775
"../../../WarFantasy/Content/StarterContent/Textures/T_Gradinet_01.uasset" 776
"../../../WarFantasy/Content/StarterContent/Textures/T_Rock_Smooth_Granite_D.uasset" 777
"../../../WarFantasy/Content/StarterContent/Materials/M_CobbleStone_Rough.uasset" 778
"../../../WarFantasy/Content/StarterContent/Textures/T_CobbleStone_Smooth_D.uasset" 779
"../../../WarFantasy/Content/StarterContent/Textures/T_CobbleStone_Smooth_M.uasset" 780
"../../../WarFantasy/Content/StarterContent/Textures/T_CobbleStone_Smooth_N.uasset" 781
"../../../WarFantasy/Content/StarterContent/Materials/M_CobbleStone_Smooth.uasset" 782
"../../../WarFantasy/Content/StarterContent/Textures/T_Concrete_Grime_D.uasset" 783
"../../../WarFantasy/Content/StarterContent/Textures/T_Metal_Rust_N.uasset" 784
"../../../WarFantasy/Content/StarterContent/Materials/M_Concrete_Grime.uasset" 785
"../../../WarFantasy/Content/StarterContent/Textures/T_Concrete_Panels_D.uasset" 786
"../../../WarFantasy/Content/StarterContent/Textures/T_Concrete_Panels_N.uasset" 787
"../../../WarFantasy/Content/StarterContent/Materials/M_Concrete_Panels.uasset" 788
"../../../WarFantasy/Content/StarterContent/Textures/T_Concrete_Poured_D.uasset" 789
"../../../WarFantasy/Content/StarterContent/Textures/T_Concrete_Poured_N.uasset" 790
"../../../WarFantasy/Content/StarterContent/Materials/M_Concrete_Poured.uasset" 791
"../../../WarFantasy/Content/StarterContent/Textures/T_Concrete_Tiles_D.uasset" 792
"../../../WarFantasy/Content/StarterContent/Textures/T_Concrete_Tiles_M.uasset" 793
"../../../WarFantasy/Content/StarterContent/Textures/T_Concrete_Tiles_N.uasset" 794
"../../../WarFantasy/Content/StarterContent/Textures/T_Concrete_Tiles_Variation_M.uasset" 795
"../../../WarFantasy/Content/StarterContent/Materials/M_Concrete_Tiles.uasset" 796
"../../../WarFantasy/Content/StarterContent/Textures/T_Ground_Grass_D.uasset" 797
"../../../WarFantasy/Content/StarterContent/Textures/T_Ground_Grass_N.uasset" 798
"../../../WarFantasy/Content/StarterContent/Materials/M_Ground_Grass.uasset" 799
"../../../WarFantasy/Content/StarterContent/Textures/T_Ground_Gravel_D.uasset" 800
"../../../WarFantasy/Content/StarterContent/Textures/T_Ground_Gravel_N.uasset" 801
"../../../WarFantasy/Content/StarterContent/Materials/M_Ground_Gravel.uasset" 802
"../../../WarFantasy/Content/StarterContent/Textures/T_ground_Moss_D.uasset" 803
"../../../WarFantasy/Content/StarterContent/Textures/T_Ground_Moss_N.uasset" 804
"../../../WarFantasy/Content/StarterContent/Materials/M_Ground_Moss.uasset" 805
"../../../WarFantasy/Content/StarterContent/Materials/M_Metal_Chrome.uasset" 806
"../../../WarFantasy/Content/StarterContent/Textures/T_Metal_Gold_D.uasset" 807
"../../../WarFantasy/Content/StarterContent/Materials/M_Metal_Gold.uasset" 808
"../../../WarFantasy/Content/StarterContent/Textures/T_Metal_Rust_D.uasset" 809
"../../../WarFantasy/Content/StarterContent/Materials/M_Metal_Rust.uasset" 810
"../../../WarFantasy/Content/StarterContent/Textures/T_Metal_Steel_D.uasset" 811
"../../../WarFantasy/Content/StarterContent/Textures/T_Metal_Steel_N.uasset" 812
"../../../WarFantasy/Content/StarterContent/Materials/M_Metal_Steel.uasset" 813
"../../../WarFantasy/Content/StarterContent/Textures/T_Rock_Basalt_N.uasset" 814
"../../../WarFantasy/Content/StarterContent/Materials/M_Rock_Basalt.uasset" 815
"../../../WarFantasy/Content/StarterContent/Materials/M_Rock_Marble_Polished.uasset" 816
"../../../WarFantasy/Content/StarterContent/Textures/T_Rock_Sandstone_D.uasset" 817
"../../../WarFantasy/Content/StarterContent/Textures/T_Rock_Sandstone_N.uasset" 818
"../../../WarFantasy/Content/StarterContent/Materials/M_Rock_Sandstone.uasset" 819
"../../../WarFantasy/Content/StarterContent/Textures/T_Rock_Slate_D.uasset" 820
"../../../WarFantasy/Content/StarterContent/Textures/T_Rock_Slate_N.uasset" 821
"../../../WarFantasy/Content/StarterContent/Materials/M_Rock_Slate.uasset" 822
"../../../WarFantasy/Content/StarterContent/Textures/T_Checker_Noise_M.uasset" 823
"../../../WarFantasy/Content/StarterContent/Textures/T_Single_Tile_N.uasset" 824
"../../../WarFantasy/Content/StarterContent/Textures/T_Tech_Dot_M.uasset" 825
"../../../WarFantasy/Content/StarterContent/Textures/T_Tech_Dot_N.uasset" 826
"../../../WarFantasy/Content/StarterContent/Materials/M_Tech_Checker_Dot.uasset" 827
"../../../WarFantasy/Content/StarterContent/Textures/T_Tech_Hex_Tile_M.uasset" 828
"../../../WarFantasy/Content/StarterContent/Textures/T_Tech_Hex_Tile_N.uasset" 829
"../../../WarFantasy/Content/StarterContent/Materials/M_Tech_Hex_Tile.uasset" 830
"../../../WarFantasy/Content/StarterContent/Materials/M_Tech_Hex_Tile_Pulse.uasset" 831
"../../../WarFantasy/Content/StarterContent/Textures/T_Tech_Panel_M.uasset" 832
"../../../WarFantasy/Content/StarterContent/Textures/T_Tech_Panel_N.uasset" 833
"../../../WarFantasy/Content/StarterContent/Materials/M_Tech_Panel.uasset" 834
"../../../WarFantasy/Content/StarterContent/Materials/M_Water_Lake.uasset" 835
"../../../WarFantasy/Content/StarterContent/Textures/T_Water_M.uasset" 836
"../../../WarFantasy/Content/StarterContent/Materials/M_Water_Ocean.uasset" 837
"../../../WarFantasy/Content/StarterContent/Textures/T_Wood_Floor_Walnut_D.uasset" 838
"../../../WarFantasy/Content/StarterContent/Textures/T_Wood_Floor_Walnut_M.uasset" 839
"../../../WarFantasy/Content/StarterContent/Textures/T_Wood_Floor_Walnut_N.uasset" 840
"../../../WarFantasy/Content/StarterContent/Materials/M_Wood_Floor_Walnut_Polished.uasset" 841
"../../../Engine/Content/Functions/Engine_MaterialFunctions01/Opacity/AlphaOffset.uasset" 842
"../../../WarFantasy/Content/StarterContent/Materials/M_Wood_Floor_Walnut_Worn.uasset" 843
"../../../WarFantasy/Content/StarterContent/Textures/T_Wood_Oak_D.uasset" 844
"../../../WarFantasy/Content/StarterContent/Textures/T_Wood_Oak_N.uasset" 845
"../../../WarFantasy/Content/StarterContent/Materials/M_Wood_Oak.uasset" 846
"../../../WarFantasy/Content/StarterContent/Textures/T_Wood_Pine_D.uasset" 847
"../../../WarFantasy/Content/StarterContent/Textures/T_Wood_Pine_N.uasset" 848
"../../../WarFantasy/Content/StarterContent/Materials/M_Wood_Pine.uasset" 849
"../../../WarFantasy/Content/StarterContent/Textures/T_Wood_Walnut_D.uasset" 850
"../../../WarFantasy/Content/StarterContent/Textures/T_Wood_Walnut_N.uasset" 851
"../../../WarFantasy/Content/StarterContent/Materials/M_Wood_Walnut.uasset" 852
"../../../WarFantasy/Content/StarterContent/Architecture/Wall_400x200.uasset" 853
"../../../WarFantasy/Content/StarterContent/Architecture/Wall_Door_400x300.uasset" 854
"../../../WarFantasy/Content/StarterContent/Architecture/Wall_Window_400x300.uasset" 855
"../../../WarFantasy/Content/StarterContent/Audio/Collapse_Cue.uasset" 856
"../../../WarFantasy/Content/StarterContent/Audio/Starter_Music_Cue.uasset" 857
"../../../WarFantasy/Content/StarterContent/Textures/T_Dust_Particle_D.uasset" 858
"../../../WarFantasy/Content/StarterContent/Particles/Materials/M_Dust_Particle.uasset" 859
"../../../WarFantasy/Content/StarterContent/Particles/P_Ambient_Dust.uasset" 860
"../../../WarFantasy/Content/StarterContent/Props/MaterialSphere.uasset" 861
"../../../WarFantasy/Content/StarterContent/Textures/T_Frame_M.uasset" 862
"../../../WarFantasy/Content/StarterContent/Textures/T_Frame_N.uasset" 863
"../../../WarFantasy/Content/StarterContent/Props/Materials/M_Frame.uasset" 864
"../../../WarFantasy/Content/StarterContent/Props/SM_CornerFrame.uasset" 865
"../../../WarFantasy/Content/StarterContent/Props/SM_DoorFrame.uasset" 866
"../../../WarFantasy/Content/StarterContent/Props/SM_GlassWindow.uasset" 867
"../../../WarFantasy/Content/StarterContent/Props/SM_PillarFrame.uasset" 868
"../../../WarFantasy/Content/StarterContent/Props/SM_PillarFrame300.uasset" 869
"../../../WarFantasy/Content/StarterContent/Props/SM_WindowFrame.uasset" 870
"../../../WarFantasy/Content/StarterContent/Shapes/Shape_Cube.uasset" 871
"../../../WarFantasy/Content/StarterContent/Shapes/Shape_QuadPyramid.uasset" 872
"../../../WarFantasy/Content/StarterContent/Shapes/Shape_Sphere.uasset" 873
"../../../WarFantasy/Content/StarterContent/Maps/StarterMap.umap" 874
